#
# A fatal error has been detected by the Java Runtime Environment:
#
#  EXCEPTION_ACCESS_VIOLATION (0xc0000005) at pc=0x00007ffd774ab864, pid=9596, tid=4956
#
# JRE version: Java(TM) SE Runtime Environment (25.0.1+8) (build 25.0.1+8-LTS-27)
# Java VM: Java HotSpot(TM) 64-Bit Server VM (25.0.1+8-LTS-27, mixed mode, sharing, tiered, compressed oops, compressed class ptrs, parallel gc, windows-amd64)
# Problematic frame:
# V  [jvm.dll+0x45b864]
#
# No core dump will be written. Minidumps are not enabled by default on client versions of Windows
#
# If you would like to submit a bug report, please visit:
#   https://bugreport.java.com/bugreport/crash.jsp
#

---------------  S U M M A R Y ------------

Command Line: -Djdk.xml.maxGeneralEntitySizeLimit=0 -Djdk.xml.totalEntitySizeLimit=0 --add-modules=ALL-SYSTEM --add-opens=java.base/java.util=ALL-UNNAMED --add-opens=java.base/java.lang=ALL-UNNAMED --add-opens=java.base/sun.nio.fs=ALL-UNNAMED -Declipse.application=org.eclipse.jdt.ls.core.id1 -Dosgi.bundles.defaultStartLevel=4 -Declipse.product=org.eclipse.jdt.ls.core.product -Djava.import.generatesMetadataFilesAtProjectRoot=false -DDetectVMInstallationsJob.disabled=true -Dfile.encoding=utf8 -XX:+UseParallelGC -XX:GCTimeRatio=4 -XX:AdaptiveSizePolicyWeight=90 -Dsun.zip.disableMemoryMapping=true -Xmx2G -Xms100m -Xlog:disable -javaagent:c:\Users\prope\.vscode-insiders\extensions\redhat.java-1.54.0-win32-x64\lombok\lombok-1.18.39-4050.jar -XX:+HeapDumpOnOutOfMemoryError -XX:HeapDumpPath=c:\Users\prope\AppData\Roaming\Code - Insiders\User\workspaceStorage\388aa090214a592c3910503443b8b992\redhat.java -Daether.dependencyCollector.impl=bf -Djdt.core.sharedIndexLocation=C:\Users\prope\AppData\Roaming\.jdt\index -XX:+UnlockDiagnosticVMOptions -XX:+AllowArchivingWithJavaAgent -XX:+AutoCreateSharedArchive -XX:SharedArchiveFile=c:\Users\prope\AppData\Roaming\Code - Insiders\User\globalStorage\redhat.java\1.54.0\jdtls.jsa c:\Users\prope\.vscode-insiders\extensions\redhat.java-1.54.0-win32-x64\server\plugins\org.eclipse.equinox.launcher_1.7.100.v20251111-0406.jar -configuration c:\Users\prope\AppData\Roaming\Code - Insiders\User\globalStorage\redhat.java\1.54.0\config_win -data c:\Users\prope\AppData\Roaming\Code - Insiders\User\workspaceStorage\388aa090214a592c3910503443b8b992\redhat.java\jdt_ws --pipe=\\.\pipe\lsp-59a1026721bf86752403507b580f69e0-sock

Host: AMD Ryzen 7 7730U with Radeon Graphics         , 16 cores, 15G,  Windows 11 , 64 bit Build 26100 (10.0.26100.7920)
Time: Wed Apr 22 12:01:20 2026 Hora est. Sudam廨ica Pac璗ico elapsed time: 272.947068 seconds (0d 0h 4m 32s)

---------------  T H R E A D  ---------------

Current thread (0x000001881c73d250):  VMThread "VM Thread"          [id=4956, stack(0x000000514ba00000,0x000000514bb00000) (1024K)]

Stack: [0x000000514ba00000,0x000000514bb00000],  sp=0x000000514bafee40,  free space=1019k
Native frames: (J=compiled Java code, j=interpreted, Vv=VM code, C=native code)
V  [jvm.dll+0x45b864]  (no source info available)
V  [jvm.dll+0x45b8af]  (no source info available)
V  [jvm.dll+0x45b8af]  (no source info available)
V  [jvm.dll+0x461316]  (no source info available)
V  [jvm.dll+0x38668a]  (no source info available)
V  [jvm.dll+0x3855c6]  (no source info available)
V  [jvm.dll+0x385a03]  (no source info available)
V  [jvm.dll+0x96f091]  (no source info available)
V  [jvm.dll+0x9703ad]  (no source info available)
V  [jvm.dll+0x970929]  (no source info available)
V  [jvm.dll+0x970bd3]  (no source info available)
V  [jvm.dll+0x906a0d]  (no source info available)
V  [jvm.dll+0x7a5135]  (no source info available)
C  [ucrtbase.dll+0x37b0]  (no source info available)
C  [KERNEL32.DLL+0x2e8d7]  (no source info available)
C  [ntdll.dll+0x8c48c]  (no source info available)


siginfo: EXCEPTION_ACCESS_VIOLATION (0xc0000005), reading address 0x00000000000000e0


Registers:
RAX=0x0000000039183901, RBX=0x0000000000000000, RCX=0x0000000000000000, RDX=0x0000000000000000
RSP=0x000000514bafee40, RBP=0x000000514bafef50, RSI=0x0000000000000001, RDI=0x0000018859063ae0
R8 =0x000001881a274d40, R9 =0x000000000000019e, R10=0x000001881a270000, R11=0x000000514bafeec0
R12=0x00007ffd77b1dbd0, R13=0x00007ffd77b2acb8, R14=0x0000018856c44e18, R15=0x00007ffd77b1daf8
RIP=0x00007ffd774ab864, EFLAGS=0x0000000000010287

XMM[0]=0x0000000000000000 0x0000000000000000
XMM[1]=0x0000018856c44360 0x0000000039255488
XMM[2]=0x0000018856c40798 0x0000018856c40480
XMM[3]=0x0000018856c3fa30 0x0000018856c3fc40
XMM[4]=0x0000018856c40218 0x0000018856c40530
XMM[5]=0x0000018856c443b8 0x0000018856c44360
XMM[6]=0x0000000000000000 0x0000000000000000
XMM[7]=0x0000000000000000 0x0000000000000000
XMM[8]=0x0000000000000000 0x404e000000000000
XMM[9]=0x0000000000000000 0x0000000000000000
XMM[10]=0x0000000000000000 0x0000000000000000
XMM[11]=0x0000000000000000 0x0000000000000000
XMM[12]=0x0000000000000000 0x0000000000000000
XMM[13]=0x0000000000000000 0x0000000000000000
XMM[14]=0x0000000000000000 0x0000000000000000
XMM[15]=0x0000000000000000 0x0000000000000000
  MXCSR=0x00001fa0


Register to memory mapping:

RAX=0x0000000039183901 is pointing into metadata
RBX=0x0 is null
RCX=0x0 is null
RDX=0x0 is null
RSP=0x000000514bafee40 points into unknown readable memory: 0x00007ffd77b2acb8 | b8 ac b2 77 fd 7f 00 00
RBP=0x000000514bafef50 points into unknown readable memory: 0x00007ffd77b2acc8 | c8 ac b2 77 fd 7f 00 00
RSI=0x0000000000000001 is an unknown value
RDI=0x0000018859063ae0 points into unknown readable memory: 0x0000000000000000 | 00 00 00 00 00 00 00 00
R8 =0x000001881a274d40 points into unknown readable memory: 0x000001881a270cf0 | f0 0c 27 1a 88 01 00 00
R9 =0x000000000000019e is an unknown value
R10=0x000001881a270000 points into unknown readable memory: 0x0000000000000000 | 00 00 00 00 00 00 00 00
R11=0x000000514bafeec0 points into unknown readable memory: 0x0000018856c44fa8 | a8 4f c4 56 88 01 00 00
R12=0x00007ffd77b1dbd0 jvm.dll
R13=0x00007ffd77b2acb8 jvm.dll
R14=0x0000018856c44e18 points into unknown readable memory: 0x0000000039010080 | 80 00 01 39 00 00 00 00
R15=0x00007ffd77b1daf8 jvm.dll

Top of Stack: (sp=0x000000514bafee40)
0x000000514bafee40:   00007ffd77b2acb8 00007ffd77b1dbd0   ...w.......w....
0x000000514bafee50:   000001881c6b0c80 0000000000000048   ..k.....H.......
0x000000514bafee60:   0000018859063ae0 00007ffd774ab8af   .:.Y......Jw....
0x000000514bafee70:   0000000000000000 0000000000000001   ................
0x000000514bafee80:   0000018896cb4ec0 00007ffd776b6c36   .N......6lkw....
0x000000514bafee90:   0000018859064400 00007ffd774ab8af   .D.Y......Jw....
0x000000514bafeea0:   0000000000000000 0000000000000002   ................
0x000000514bafeeb0:   0000018856c44e18 000001881c6b0c80   .N.V......k.....
0x000000514bafeec0:   0000018856c44fa8 00007ffd774b1316   .O.V......Kw....
0x000000514bafeed0:   0000000000000000 00007ffd77b43fe0   .........?.w....
0x000000514bafeee0:   0000018856c44e18 000000514bafef50   .N.V....P..KQ...
0x000000514bafeef0:   0000000000006f30 0000000000000000   0o..............
0x000000514bafef00:   0000000000000de6 000000514b7fef80   ...........KQ...
0x000000514bafef10:   0000018856c44e18 00007ffd773d668a   .N.V.....f=w....
0x000000514bafef20:   0000000000000048 000001881c6b0c80   H.........k.....
0x000000514bafef30:   0000000000000000 000000000047842e   ..........G.....
0x000000514bafef40:   0000018856c43810 00000011000001d8   .8.V............
0x000000514bafef50:   00007ffd77b2acc8 0000000000000000   ...w............
0x000000514bafef60:   0000000000000000 0000000000000000   ................
0x000000514bafef70:   00000000000003d8 0000000000000000   ................
0x000000514bafef80:   000000003a3e10d0 000000514b7fef80   ..>:.......KQ...
0x000000514bafef90:   0000000000014b10 00007ffd77ae7360   .K......`s.w....
0x000000514bafefa0:   0000000000002962 00007ffd773d55c6   b).......U=w....
0x000000514bafefb0:   00007ffd00000de6 0000000000006f30   ........0o......
0x000000514bafefc0:   000001881c6b0c80 00007ffd77dc8ce8   ..k........w....
0x000000514bafefd0:   0000000000000000 0000000000000000   ................
0x000000514bafefe0:   000000000000013c 0000000000000000   <...............
0x000000514bafeff0:   0000000000000000 00007ffd779cd693   ...........w....
0x000000514baff000:   00007ffd77d438a0 0000005150ff0100   .8.w.......PQ...
0x000000514baff010:   0000569106c39d09 00007ffe033510c4   .....V....5.....
0x000000514baff020:   0000000000000000 00007ffd777f10bf   ...........w....
0x000000514baff030:   000000000000003a 00007ffd779cd563   :.......c..w....

Instructions: (pc=0x00007ffd774ab864)
  0x00007ffd774ab764:   7e 20 74 0c 4d 89 66 18 4d 89 7e 20 4d 89 6e 28
  0x00007ffd774ab774:   4c 8b b4 24 08 01 00 00 4c 8b ac 24 10 01 00 00
  0x00007ffd774ab784:   4c 8b a4 24 18 01 00 00 4c 8b bc 24 00 01 00 00
  0x00007ffd774ab794:   48 83 7c 24 40 00 74 55 48 8b 9f b0 06 00 00 48
  0x00007ffd774ab7a4:   8d 44 24 58 33 c9 48 89 45 a8 48 8d 45 99 48 89
  0x00007ffd774ab7b4:   4d c8 89 4d b8 4c 8d 44 24 50 88 4d c0 48 8d 54
  0x00007ffd774ab7c4:   24 40 4c 8b cf 48 89 45 b0 48 8d 4c 24 30 48 89
  0x00007ffd774ab7d4:   b7 b0 06 00 00 c7 45 bc 08 00 00 00 c6 44 24 30
  0x00007ffd774ab7e4:   0e e8 66 f8 01 00 48 89 9f b0 06 00 00 48 8d 4c
  0x00007ffd774ab7f4:   24 40 e8 05 eb fd ff 48 8b 9c 24 50 01 00 00 48
  0x00007ffd774ab804:   8b 4d f0 48 33 cc e8 c1 c5 58 00 48 81 c4 20 01
  0x00007ffd774ab814:   00 00 5f 5e 5d c3 cc cc cc cc cc cc 0f b7 41 0e
  0x00007ffd774ab824:   66 c1 e8 09 a8 01 74 03 32 c0 c3 e9 6c 9b 20 00
  0x00007ffd774ab834:   cc cc cc cc cc cc cc cc cc cc cc cc 48 89 5c 24
  0x00007ffd774ab844:   08 48 89 74 24 10 57 48 83 ec 20 48 3b 0d 6a ed
  0x00007ffd774ab854:   8d 00 48 8b d9 73 09 48 3b 0d 56 ed 8d 00 73 5b
=>0x00007ffd774ab864:   48 8b 81 e0 00 00 00 66 83 78 30 32 72 5f 48 8b
  0x00007ffd774ab874:   01 ff 50 78 48 85 c0 74 15 48 8b 03 48 8b cb ff
  0x00007ffd774ab884:   50 78 48 8b c8 e8 b2 ff ff ff 84 c0 74 3f 48 8b
  0x00007ffd774ab894:   bb a0 01 00 00 48 63 37 48 85 f6 7e 1e 33 db 48
  0x00007ffd774ab8a4:   83 c7 08 48 8b 0f e8 91 ff ff ff 84 c0 74 1e 48
  0x00007ffd774ab8b4:   ff c3 48 83 c7 08 48 3b de 7c e8 b0 01 48 8b 5c
  0x00007ffd774ab8c4:   24 30 48 8b 74 24 38 48 83 c4 20 5f c3 48 8b 5c
  0x00007ffd774ab8d4:   24 30 32 c0 48 8b 74 24 38 48 83 c4 20 5f c3 cc
  0x00007ffd774ab8e4:   cc cc cc cc cc cc cc cc cc cc cc cc 4c 89 44 24
  0x00007ffd774ab8f4:   18 53 56 57 48 83 ec 70 48 3b 15 0d 53 8e 00 49
  0x00007ffd774ab904:   8b f0 48 8b fa 48 8b d9 0f 84 88 02 00 00 48 8b
  0x00007ffd774ab914:   4a 08 48 85 c9 0f 84 7b 02 00 00 ff 15 fb e6 87
  0x00007ffd774ab924:   00 48 85 c0 0f 84 6c 02 00 00 48 8b cf e8 2a b9
  0x00007ffd774ab934:   e3 ff 84 c0 0f 85 5c 02 00 00 48 85 db 0f 84 53
  0x00007ffd774ab944:   02 00 00 66 83 7b 04 05 0f 82 48 02 00 00 48 8b
  0x00007ffd774ab954:   b6 a8 03 00 00 48 8b cb 0f b6 43 0a 0a 43 09 0a


Stack slot to memory mapping:

stack at sp + 0 slots: 0x00007ffd77b2acb8 jvm.dll
stack at sp + 1 slots: 0x00007ffd77b1dbd0 jvm.dll
stack at sp + 2 slots: 0x000001881c6b0c80 points into unknown readable memory: 0x000001881c73d7f0 | f0 d7 73 1c 88 01 00 00
stack at sp + 3 slots: 0x0000000000000048 is an unknown value
stack at sp + 4 slots: 0x0000018859063ae0 points into unknown readable memory: 0x0000000000000000 | 00 00 00 00 00 00 00 00
stack at sp + 5 slots: 0x00007ffd774ab8af jvm.dll
stack at sp + 6 slots: 0x0 is null
stack at sp + 7 slots: 0x0000000000000001 is an unknown value

VM_Operation (0x000000514b7fef70): PopulateDumpSharedSpace, mode: safepoint, requested by thread 0x000001881a1a8bc0


---------------  P R O C E S S  ---------------

Threads class SMR info:
_java_thread_list=0x0000018844132e30, length=59, elements={
0x000001881a1a8bc0, 0x000001883629ca30, 0x000001883629ec90, 0x00000188362a3b60,
0x00000188362a4320, 0x00000188362a9750, 0x00000188362aab60, 0x000001881c6990f0,
0x000001881c699900, 0x000001883cf56aa0, 0x000001883d2948d0, 0x000001883f674080,
0x000001883f677730, 0x000001883f677f00, 0x000001883f676f60, 0x000001883e496380,
0x000001883e498a90, 0x000001883e496b50, 0x000001883e4982c0, 0x000001883e497320,
0x000001883e4953e0, 0x000001883e499260, 0x000001883e495bb0, 0x000001883e49b1a0,
0x000001883e499a30, 0x000001883e49a9d0, 0x000001883e49b970, 0x000001883fef87e0,
0x000001883fef9780, 0x000001883fefe5a0, 0x00000188400e0710, 0x00000188400e16b0,
0x000001883f156380, 0x00000188414f71a0, 0x00000188414a55f0, 0x000001883f0e44c0,
0x000001883f0e2580, 0x000001883e1e4920, 0x000001883e1e58c0, 0x000001883f0e3cf0,
0x000001883e1e6090, 0x0000018853e66060, 0x0000018853e650c0, 0x000001883d380f30,
0x000001883d381700, 0x000001883fc87470, 0x000001883fc88410, 0x000001883dce20e0,
0x000001883d188480, 0x0000018840584f80, 0x0000018843a1a1d0, 0x000001883eb74c10,
0x000001883eb73c70, 0x000001883d18ab90, 0x0000018853e67000, 0x0000018844ebd040,
0x0000018854453e70, 0x000001883daa85e0, 0x00000188429a57d0
}

Java Threads: ( => current thread )
  0x000001881a1a8bc0 JavaThread "main"                              [_thread_blocked, id=7456, stack(0x000000514b700000,0x000000514b800000) (1024K)]
  0x000001883629ca30 JavaThread "Reference Handler"          daemon [_thread_blocked, id=9176, stack(0x000000514bb00000,0x000000514bc00000) (1024K)]
  0x000001883629ec90 JavaThread "Finalizer"                  daemon [_thread_blocked, id=14472, stack(0x000000514bc00000,0x000000514bd00000) (1024K)]
  0x00000188362a3b60 JavaThread "Signal Dispatcher"          daemon [_thread_blocked, id=15316, stack(0x000000514bd00000,0x000000514be00000) (1024K)]
  0x00000188362a4320 JavaThread "Attach Listener"            daemon [_thread_blocked, id=13200, stack(0x000000514be00000,0x000000514bf00000) (1024K)]
  0x00000188362a9750 JavaThread "Service Thread"             daemon [_thread_blocked, id=15160, stack(0x000000514bf00000,0x000000514c000000) (1024K)]
  0x00000188362aab60 JavaThread "Monitor Deflation Thread"   daemon [_thread_blocked, id=4800, stack(0x000000514c000000,0x000000514c100000) (1024K)]
  0x000001881c6990f0 JavaThread "C2 CompilerThread0"         daemon [_thread_blocked, id=13316, stack(0x000000514c100000,0x000000514c200000) (1024K)]
  0x000001881c699900 JavaThread "C1 CompilerThread0"         daemon [_thread_blocked, id=11984, stack(0x000000514c200000,0x000000514c300000) (1024K)]
  0x000001883cf56aa0 JavaThread "Common-Cleaner"             daemon [_thread_blocked, id=2948, stack(0x000000514c400000,0x000000514c500000) (1024K)]
  0x000001883d2948d0 JavaThread "Notification Thread"        daemon [_thread_blocked, id=9640, stack(0x000000514c800000,0x000000514c900000) (1024K)]
  0x000001883f674080 JavaThread "JNA Cleaner"                daemon [_thread_blocked, id=5744, stack(0x000000514f100000,0x000000514f200000) (1024K)]
  0x000001883f677730 JavaThread "InnocuousThread-1"          daemon [_thread_in_native, id=5216, stack(0x000000514f600000,0x000000514f700000) (1024K)]
  0x000001883f677f00 JavaThread "InnocuousThread-2"          daemon [_thread_in_native, id=8524, stack(0x000000514f700000,0x000000514f800000) (1024K)]
  0x000001883f676f60 JavaThread "InnocuousThread-3"          daemon [_thread_in_native, id=3520, stack(0x000000514f800000,0x000000514f900000) (1024K)]
  0x000001883e496380 JavaThread "InnocuousThread-4"          daemon [_thread_in_native, id=8224, stack(0x000000514f900000,0x000000514fa00000) (1024K)]
  0x000001883e498a90 JavaThread "InnocuousThread-5"          daemon [_thread_in_native, id=10316, stack(0x000000514fa00000,0x000000514fb00000) (1024K)]
  0x000001883e496b50 JavaThread "InnocuousThread-6"          daemon [_thread_in_native, id=13420, stack(0x000000514fb00000,0x000000514fc00000) (1024K)]
  0x000001883e4982c0 JavaThread "InnocuousThread-7"          daemon [_thread_in_native, id=12400, stack(0x000000514fc00000,0x000000514fd00000) (1024K)]
  0x000001883e497320 JavaThread "InnocuousThread-8"          daemon [_thread_in_native, id=8016, stack(0x000000514fd00000,0x000000514fe00000) (1024K)]
  0x000001883e4953e0 JavaThread "InnocuousThread-9"          daemon [_thread_in_native, id=15896, stack(0x000000514fe00000,0x000000514ff00000) (1024K)]
  0x000001883e499260 JavaThread "InnocuousThread-10"         daemon [_thread_in_native, id=5740, stack(0x000000514ff00000,0x0000005150000000) (1024K)]
  0x000001883e495bb0 JavaThread "InnocuousThread-11"         daemon [_thread_in_native, id=9884, stack(0x0000005150000000,0x0000005150100000) (1024K)]
  0x000001883e49b1a0 JavaThread "InnocuousThread-12"         daemon [_thread_in_native, id=11160, stack(0x0000005150100000,0x0000005150200000) (1024K)]
  0x000001883e499a30 JavaThread "InnocuousThread-13"         daemon [_thread_in_native, id=3676, stack(0x0000005150200000,0x0000005150300000) (1024K)]
  0x000001883e49a9d0 JavaThread "InnocuousThread-14"         daemon [_thread_in_native, id=2904, stack(0x0000005150300000,0x0000005150400000) (1024K)]
  0x000001883e49b970 JavaThread "InnocuousThread-15"         daemon [_thread_in_native, id=11708, stack(0x0000005150400000,0x0000005150500000) (1024K)]
  0x000001883fef87e0 JavaThread "InnocuousThread-16"         daemon [_thread_in_native, id=17240, stack(0x0000005150500000,0x0000005150600000) (1024K)]
  0x000001883fef9780 JavaThread "InnocuousThread-17"         daemon [_thread_in_native, id=16228, stack(0x0000005150600000,0x0000005150700000) (1024K)]
  0x000001883fefe5a0 JavaThread "pool-2-thread-1"                   [_thread_blocked, id=16520, stack(0x0000005150700000,0x0000005150800000) (1024K)]
  0x00000188400e0710 JavaThread "WorkspaceEventsHandler"            [_thread_blocked, id=12976, stack(0x0000005150b00000,0x0000005150c00000) (1024K)]
  0x00000188400e16b0 JavaThread "pool-1-thread-1"                   [_thread_blocked, id=12444, stack(0x0000005150c00000,0x0000005150d00000) (1024K)]
  0x000001883f156380 JavaThread "Compiler Source File Reader" daemon [_thread_blocked, id=14152, stack(0x000000514e300000,0x000000514e400000) (1024K)]
  0x00000188414f71a0 JavaThread "Compiler Source File Reader" daemon [_thread_blocked, id=1976, stack(0x0000005151300000,0x0000005151400000) (1024K)]
  0x00000188414a55f0 JavaThread "Cleaner-0"                  daemon [_thread_blocked, id=15324, stack(0x0000005151000000,0x0000005151100000) (1024K)]
  0x000001883f0e44c0 JavaThread "Compiler Source File Reader" daemon [_thread_blocked, id=15976, stack(0x000000514c500000,0x000000514c600000) (1024K)]
  0x000001883f0e2580 JavaThread "Compiler Source File Reader" daemon [_thread_blocked, id=16256, stack(0x000000514c600000,0x000000514c700000) (1024K)]
  0x000001883e1e4920 JavaThread "Compiler Source File Reader" daemon [_thread_blocked, id=5264, stack(0x000000514c900000,0x000000514ca00000) (1024K)]
  0x000001883e1e58c0 JavaThread "Compiler Source File Reader" daemon [_thread_blocked, id=7072, stack(0x0000005150800000,0x0000005150900000) (1024K)]
  0x000001883f0e3cf0 JavaThread "Compiler Source File Reader" daemon [_thread_blocked, id=9400, stack(0x0000005150d00000,0x0000005150e00000) (1024K)]
  0x000001883e1e6090 JavaThread "Compiler Source File Reader" daemon [_thread_blocked, id=2456, stack(0x0000005150e00000,0x0000005150f00000) (1024K)]
  0x0000018853e66060 JavaThread "Compiler Source File Reader" daemon [_thread_blocked, id=9440, stack(0x0000005151400000,0x0000005151500000) (1024K)]
  0x0000018853e650c0 JavaThread "Compiler Source File Reader" daemon [_thread_blocked, id=5668, stack(0x0000005151700000,0x0000005151800000) (1024K)]
  0x000001883d380f30 JavaThread "Compiler Source File Reader" daemon [_thread_blocked, id=2648, stack(0x000000514f000000,0x000000514f100000) (1024K)]
  0x000001883d381700 JavaThread "Compiler Source File Reader" daemon [_thread_blocked, id=4396, stack(0x0000005151100000,0x0000005151200000) (1024K)]
  0x000001883fc87470 JavaThread "Compiler Source File Reader" daemon [_thread_blocked, id=4616, stack(0x0000005151500000,0x0000005151600000) (1024K)]
  0x000001883fc88410 JavaThread "Compiler Source File Reader" daemon [_thread_blocked, id=3728, stack(0x0000005151600000,0x0000005151700000) (1024K)]
  0x000001883dce20e0 JavaThread "Java Debug Server"          daemon [_thread_in_native, id=15672, stack(0x000000514b500000,0x000000514b600000) (1024K)]
  0x000001883d188480 JavaThread "pool-93-thread-1"                  [_thread_blocked, id=4040, stack(0x000000514f200000,0x000000514f300000) (1024K)]
  0x0000018840584f80 JavaThread "RxSchedulerPurge-1"         daemon [_thread_blocked, id=8548, stack(0x000000514f300000,0x000000514f400000) (1024K)]
  0x0000018843a1a1d0 JavaThread "RxCachedWorkerPoolEvictor-1" daemon [_thread_blocked, id=11440, stack(0x0000005151800000,0x0000005151900000) (1024K)]
  0x000001883eb74c10 JavaThread "process reaper"             daemon [_thread_blocked, id=11336, stack(0x000000514b130000,0x000000514b150000) (128K)]
  0x000001883eb73c70 JavaThread "ForkJoinPool.commonPool-worker-16" daemon [_thread_blocked, id=8052, stack(0x000000514b400000,0x000000514b500000) (1024K)]
  0x000001883d18ab90 JavaThread "ForkJoinPool.commonPool-worker-17" daemon [_thread_blocked, id=1944, stack(0x000000514b600000,0x000000514b700000) (1024K)]
  0x0000018853e67000 JavaThread "pool-95-thread-1"                  [_thread_blocked, id=16624, stack(0x000000514c300000,0x000000514c400000) (1024K)]
  0x0000018844ebd040 JavaThread "C1 CompilerThread1"         daemon [_thread_blocked, id=17284, stack(0x000000514df00000,0x000000514e000000) (1024K)]
  0x0000018854453e70 JavaThread "C2 CompilerThread1"         daemon [_thread_blocked, id=6300, stack(0x000000514cd00000,0x000000514ce00000) (1024K)]
  0x000001883daa85e0 JavaThread "C2 CompilerThread2"         daemon [_thread_blocked, id=15488, stack(0x000000514c700000,0x000000514c800000) (1024K)]
  0x00000188429a57d0 JavaThread "C2 CompilerThread3"         daemon [_thread_blocked, id=8092, stack(0x000000514ce00000,0x000000514cf00000) (1024K)]
Total: 59

Other Threads:
=>0x000001881c73d250 VMThread "VM Thread"                           [id=4956, stack(0x000000514ba00000,0x000000514bb00000) (1024K)]
  0x000001881c6ad010 WatcherThread "VM Periodic Task Thread"        [id=6584, stack(0x000000514b900000,0x000000514ba00000) (1024K)]
  0x000001881c6a4b90 WorkerThread "GC Thread#0"                     [id=10744, stack(0x000000514b800000,0x000000514b900000) (1024K)]
  0x000001883d934cd0 WorkerThread "GC Thread#1"                     [id=12508, stack(0x000000514ca00000,0x000000514cb00000) (1024K)]
  0x000001883d8dc6c0 WorkerThread "GC Thread#2"                     [id=17272, stack(0x000000514cb00000,0x000000514cc00000) (1024K)]
  0x000001883d8dcaf0 WorkerThread "GC Thread#3"                     [id=16516, stack(0x000000514cc00000,0x000000514cd00000) (1024K)]
  0x000001883da4f000 WorkerThread "GC Thread#4"                     [id=1224, stack(0x000000514d400000,0x000000514d500000) (1024K)]
  0x000001883ec2bb10 WorkerThread "GC Thread#5"                     [id=5888, stack(0x000000514e400000,0x000000514e500000) (1024K)]
  0x000001883ec2ae20 WorkerThread "GC Thread#6"                     [id=10344, stack(0x000000514e500000,0x000000514e600000) (1024K)]
  0x000001883ec2e1e0 WorkerThread "GC Thread#7"                     [id=2740, stack(0x000000514e600000,0x000000514e700000) (1024K)]
  0x000001883ec2f770 WorkerThread "GC Thread#8"                     [id=5748, stack(0x000000514ea00000,0x000000514eb00000) (1024K)]
  0x000001883ec2fbc0 WorkerThread "GC Thread#9"                     [id=7676, stack(0x000000514eb00000,0x000000514ec00000) (1024K)]
  0x000001883ec31150 WorkerThread "GC Thread#10"                    [id=14492, stack(0x000000514ec00000,0x000000514ed00000) (1024K)]
  0x000001883ec315a0 WorkerThread "GC Thread#11"                    [id=5836, stack(0x000000514ed00000,0x000000514ee00000) (1024K)]
  0x000001883f5a8e70 WorkerThread "GC Thread#12"                    [id=6104, stack(0x000000514ee00000,0x000000514ef00000) (1024K)]
Total: 15

Threads with active compile tasks:
C2 CompilerThread0  273085 23423       4       jdk.internal.classfile.impl.StackMapGenerator$Type::<init> (20 bytes)
C2 CompilerThread1  273085 23408       4       jdk.internal.classfile.impl.StackMapGenerator$Type::equals (54 bytes)
C2 CompilerThread2  273085 23414       4       java.lang.classfile.constantpool.ConstantPoolBuilder::methodRefEntry (22 bytes)
C2 CompilerThread3  273085 23411       4       jdk.internal.classfile.impl.StackMapGenerator::processInvokeInstructions (262 bytes)
Total: 4

VM state: at safepoint (normal execution)

VM Mutex/Monitor currently owned by a thread:  ([mutex/lock_event])
[0x00007ffd77dc8ce8] DumpTimeTable_lock - owner thread: 0x000001881c73d250
[0x00007ffd77dc94e8] Threads_lock - owner thread: 0x000001881c73d250
[0x00007ffd77dc9668] Heap_lock - owner thread: 0x000001881a1a8bc0

Heap address: 0x0000000080000000, size: 2048 MB, Compressed Oops mode: 32-bit

CDS archive(s) mapped at: [0x0000000039000000-0x0000000039dd0000-0x0000000039dd0000), size 14483456, SharedBaseAddress: 0x0000000039000000, ArchiveRelocationMode: 1.
Compressed class space mapped at: 0x000000003a000000-0x000000007a000000, reserved size: 1073741824
UseCompressedClassPointers 1, UseCompactObjectHeaders 0
Narrow klass pointer bits 32, Max shift 3
Narrow klass base: 0x0000000039000000, Narrow klass shift: 0
Encoding Range: [0x0000000039000000 - 0x0000000139000000), (4294967296 bytes)
Klass Range:    [0x0000000039010000 - 0x000000007a000000), (1090453504 bytes)
Klass ID Range:  [65536 - 1090519033) (1090453497)
Protection zone: [0x0000000039000000 - 0x0000000039010000), (65536 bytes)

GC Precious Log:
 CardTable entry size: 512
 CPUs: 16 total, 16 available
 Memory: 15711M
 Large Page Support: Disabled
 NUMA Support: Disabled
 Compressed Oops: Enabled (32-bit)
 Alignments: Space 512K, Generation 512K, Heap 2M
 Heap Min Capacity: 100M
 Heap Initial Capacity: 100M
 Heap Max Capacity: 2G
 Pre-touch: Disabled
 Parallel Workers: 13

Heap:
 PSYoungGen      total 32768K, used 15008K [0x00000000d5580000, 0x00000000d7680000, 0x0000000100000000)
  eden space 31744K, 44% used [0x00000000d5580000,0x00000000d6355ac8,0x00000000d7480000)
  from space 1024K, 82% used [0x00000000d7580000,0x00000000d76528c8,0x00000000d7680000)
  to   space 1024K, 0% used [0x00000000d7480000,0x00000000d7480000,0x00000000d7580000)
 ParOldGen       total 467456K, used 467399K [0x0000000080000000, 0x000000009c880000, 0x00000000d5580000)
  object space 467456K, 99% used [0x0000000080000000,0x000000009c871c90,0x000000009c880000)

Card table byte_map: [0x000001881c1a0000,0x000001881c5a0000] _byte_map_base: 0x000001881bda0000

Marking Bits: (ParMarkBitMap*) 0x00007ffd77dcea00
 Begin Bits: [0x00000188341b0000, 0x00000188361b0000)

Polling page: 0x000001881a4c0000

Metaspace:
Metaspace        used 90942K, committed 93504K, reserved 1179648K
 class space     used 8146K, committed 9088K, reserved 1048576K

Usage:
  Non-class:     80.86 MB used.
      Class:      7.96 MB used.
       Both:     88.81 MB used.

Virtual space:
  Non-class space:      128.00 MB reserved,      82.44 MB ( 64%) committed,  2 nodes.
      Class space:        1.00 GB reserved,       8.88 MB ( <1%) committed,  1 nodes.
             Both:        1.12 GB reserved,      91.31 MB (  8%) committed. 

Chunk freelists:
   Non-Class:  12.71 MB
       Class:  6.94 MB
        Both:  19.65 MB

MaxMetaspaceSize: unlimited
CompressedClassSpaceSize: 1.00 GB
Initial GC threshold: 21.00 MB
Current GC threshold: 97.31 MB
CDS: on
 - commit_granule_bytes: 65536.
 - commit_granule_words: 8192.
 - virtual_space_node_default_size: 8388608.
 - enlarge_chunks_in_place: 1.
UseCompressedClassPointers 1, UseCompactObjectHeaders 0
Narrow klass pointer bits 32, Max shift 3
Narrow klass base: 0x0000000039000000, Narrow klass shift: 0
Encoding Range: [0x0000000039000000 - 0x0000000139000000), (4294967296 bytes)
Klass Range:    [0x0000000039010000 - 0x000000007a000000), (1090453504 bytes)
Klass ID Range:  [65536 - 1090519033) (1090453497)
Protection zone: [0x0000000039000000 - 0x0000000039010000), (65536 bytes)


Internal statistics:

num_allocs_failed_limit: 9.
num_arena_births: 1978.
num_arena_deaths: 22.
num_vsnodes_births: 3.
num_vsnodes_deaths: 0.
num_space_committed: 1461.
num_space_uncommitted: 0.
num_chunks_returned_to_freelist: 35.
num_chunks_taken_from_freelist: 6081.
num_chunk_merges: 11.
num_chunk_splits: 3962.
num_chunks_enlarged: 2502.
num_inconsistent_stats: 0.

CodeHeap 'non-profiled nmethods': size=119232Kb used=17708Kb max_used=17708Kb free=101523Kb
 bounds [0x000001882ca90000, 0x000001882dbe0000, 0x0000018833f00000]
CodeHeap 'profiled nmethods': size=119104Kb used=39941Kb max_used=39941Kb free=79162Kb
 bounds [0x0000018824f00000, 0x0000018827610000, 0x000001882c350000]
CodeHeap 'non-nmethods': size=7424Kb used=2214Kb max_used=3363Kb free=5209Kb
 bounds [0x000001882c350000, 0x000001882c6b0000, 0x000001882ca90000]
CodeCache: size=245760Kb, used=59863Kb, max_used=61012Kb, free=185894Kb
 total_blobs=23426, nmethods=22506, adapters=821, full_count=0
Compilation: enabled, stopped_count=0, restarted_count=0

Compilation events (20 events):
Event: 270.943 Thread 0x000001881c699900 23418       3       java.lang.invoke.ClassSpecializer$Factory$1$1Var::nextIndex (18 bytes)
Event: 270.943 Thread 0x0000018844ebd040 nmethod 23417 0x00000188275fdb88 code [0x00000188275fdc80, 0x00000188275fddd8]
Event: 270.943 Thread 0x0000018844ebd040 23419       3       java.lang.invoke.ClassSpecializer$Factory$1$1Var::<init> (137 bytes)
Event: 270.943 Thread 0x000001881c699900 nmethod 23418 0x00000188275fde88 code [0x00000188275fdf80, 0x00000188275fe318]
Event: 270.943 Thread 0x000001881c699900 23420       3       java.lang.invoke.ClassSpecializer$Factory$1$1Var::nextSlotIndex (24 bytes)
Event: 270.943 Thread 0x000001881c699900 nmethod 23420 0x00000188275fe388 code [0x00000188275fe480, 0x00000188275fe810]
Event: 270.943 Thread 0x000001881c699900 23421       3       java.lang.invoke.ClassSpecializer$Factory$1$1Var::emitLoadInstruction (19 bytes)
Event: 270.944 Thread 0x000001881c699900 nmethod 23421 0x00000188275fe888 code [0x00000188275fe980, 0x00000188275feb30]
Event: 270.944 Thread 0x000001881c699900 23422       3       jdk.internal.classfile.impl.DirectCodeBuilder::getfield (22 bytes)
Event: 270.944 Thread 0x000001881c699900 nmethod 23422 0x00000188275feb88 code [0x00000188275fec80, 0x00000188275ff150]
Event: 270.944 Thread 0x000001881c699900 23424       3       java.util.ArrayList::addAll (111 bytes)
Event: 270.945 Thread 0x000001881c699900 nmethod 23424 0x00000188275ff188 code [0x00000188275ff280, 0x00000188275ff9e8]
Event: 270.945 Thread 0x0000018844ebd040 nmethod 23419 0x00000188275ffa08 code [0x00000188275ffb00, 0x0000018827601638]
Event: 270.947 Thread 0x0000018854453e70 nmethod 23214 0x000001882dbd8108 code [0x000001882dbd8200, 0x000001882dbda108]
Event: 270.947 Thread 0x000001881c6990f0 nmethod 23407 0x000001882dbda188 code [0x000001882dbda280, 0x000001882dbdabc8]
Event: 270.947 Thread 0x0000018854453e70 23416       4       jdk.internal.classfile.impl.DirectClassBuilder::constantPool (5 bytes)
Event: 270.947 Thread 0x000001881c6990f0 23423       4       jdk.internal.classfile.impl.StackMapGenerator$Type::<init> (20 bytes)
Event: 270.947 Thread 0x0000018854453e70 nmethod 23416 0x000001882dbdac88 code [0x000001882dbdad80, 0x000001882dbdae00]
Event: 270.947 Thread 0x0000018854453e70 23408       4       jdk.internal.classfile.impl.StackMapGenerator$Type::equals (54 bytes)
Event: 270.947 Thread 0x000001881c6990f0 nmethod 23423 0x000001882dbdaf88 code [0x000001882dbdb080, 0x000001882dbdb118]

GC Heap Usage History (20 events):
Event: 152.398 {heap Before GC invocations=354 (full 3):
 PSYoungGen      total 32768K, used 32191K [0x00000000d5580000, 0x00000000d7680000, 0x0000000100000000)
  eden space 31744K, 99% used [0x00000000d5580000,0x00000000d747ffd0,0x00000000d7480000)
  from space 1024K, 43% used [0x00000000d7580000,0x00000000d75f0000,0x00000000d7680000)
  to   space 1024K, 0% used [0x00000000d7480000,0x00000000d7480000,0x00000000d7580000)
 ParOldGen       total 457728K, used 457645K [0x0000000080000000, 0x000000009bf00000, 0x00000000d5580Event: 152.400 {heap After GC invocations=354 (full 3):
 PSYoungGen      total 32768K, used 841K [0x00000000d5580000, 0x00000000d7680000, 0x0000000100000000)
  eden space 31744K, 0% used [0x00000000d5580000,0x00000000d5580000,0x00000000d7480000)
  from space 1024K, 82% used [0x00000000d7480000,0x00000000d7552400,0x00000000d7580000)
  to   space 1024K, 0% used [0x00000000d7580000,0x00000000d7580000,0x00000000d7680000)
 ParOldGen       total 458240K, used 457901K [0x0000000080000000, 0x000000009bf80000, 0x00000000d5580000)Event: 155.242 {heap Before GC invocations=355 (full 3):
 PSYoungGen      total 32768K, used 32585K [0x00000000d5580000, 0x00000000d7680000, 0x0000000100000000)
  eden space 31744K, 100% used [0x00000000d5580000,0x00000000d7480000,0x00000000d7480000)
  from space 1024K, 82% used [0x00000000d7480000,0x00000000d7552400,0x00000000d7580000)
  to   space 1024K, 0% used [0x00000000d7580000,0x00000000d7580000,0x00000000d7680000)
 ParOldGen       total 458240K, used 457901K [0x0000000080000000, 0x000000009bf80000, 0x00000000d558Event: 155.250 {heap After GC invocations=355 (full 3):
 PSYoungGen      total 30208K, used 1021K [0x00000000d5580000, 0x00000000d7b00000, 0x0000000100000000)
  eden space 29184K, 0% used [0x00000000d5580000,0x00000000d5580000,0x00000000d7200000)
  from space 1024K, 99% used [0x00000000d7580000,0x00000000d767f680,0x00000000d7680000)
  to   space 3584K, 0% used [0x00000000d7200000,0x00000000d7200000,0x00000000d7580000)
 ParOldGen       total 460288K, used 459802K [0x0000000080000000, 0x000000009c180000, 0x00000000d5580000Event: 157.596 {heap Before GC invocations=356 (full 3):
 PSYoungGen      total 30208K, used 30205K [0x00000000d5580000, 0x00000000d7b00000, 0x0000000100000000)
  eden space 29184K, 100% used [0x00000000d5580000,0x00000000d7200000,0x00000000d7200000)
  from space 1024K, 99% used [0x00000000d7580000,0x00000000d767f680,0x00000000d7680000)
  to   space 3584K, 0% used [0x00000000d7200000,0x00000000d7200000,0x00000000d7580000)
 ParOldGen       total 460288K, used 459802K [0x0000000080000000, 0x000000009c180000, 0x00000000d558Event: 157.600 {heap After GC invocations=356 (full 3):
 PSYoungGen      total 31744K, used 2082K [0x00000000d5580000, 0x00000000d7680000, 0x0000000100000000)
  eden space 29184K, 0% used [0x00000000d5580000,0x00000000d5580000,0x00000000d7200000)
  from space 2560K, 81% used [0x00000000d7200000,0x00000000d7408850,0x00000000d7480000)
  to   space 2048K, 0% used [0x00000000d7480000,0x00000000d7480000,0x00000000d7680000)
 ParOldGen       total 460800K, used 460784K [0x0000000080000000, 0x000000009c200000, 0x00000000d5580000Event: 158.972 {heap Before GC invocations=357 (full 3):
 PSYoungGen      total 31744K, used 31266K [0x00000000d5580000, 0x00000000d7680000, 0x0000000100000000)
  eden space 29184K, 100% used [0x00000000d5580000,0x00000000d7200000,0x00000000d7200000)
  from space 2560K, 81% used [0x00000000d7200000,0x00000000d7408850,0x00000000d7480000)
  to   space 2048K, 0% used [0x00000000d7480000,0x00000000d7480000,0x00000000d7680000)
 ParOldGen       total 460800K, used 460784K [0x0000000080000000, 0x000000009c200000, 0x00000000d558Event: 158.975 {heap After GC invocations=357 (full 3):
 PSYoungGen      total 30208K, used 2029K [0x00000000d5580000, 0x00000000d7880000, 0x0000000100000000)
  eden space 28160K, 0% used [0x00000000d5580000,0x00000000d5580000,0x00000000d7100000)
  from space 2048K, 99% used [0x00000000d7480000,0x00000000d767b690,0x00000000d7680000)
  to   space 3584K, 0% used [0x00000000d7100000,0x00000000d7100000,0x00000000d7480000)
 ParOldGen       total 462336K, used 461857K [0x0000000080000000, 0x000000009c380000, 0x00000000d5580000Event: 161.512 {heap Before GC invocations=358 (full 3):
 PSYoungGen      total 30208K, used 30189K [0x00000000d5580000, 0x00000000d7880000, 0x0000000100000000)
  eden space 28160K, 100% used [0x00000000d5580000,0x00000000d7100000,0x00000000d7100000)
  from space 2048K, 99% used [0x00000000d7480000,0x00000000d767b690,0x00000000d7680000)
  to   space 3584K, 0% used [0x00000000d7100000,0x00000000d7100000,0x00000000d7480000)
 ParOldGen       total 462336K, used 461857K [0x0000000080000000, 0x000000009c380000, 0x00000000d558Event: 161.518 {heap After GC invocations=358 (full 3):
 PSYoungGen      total 31232K, used 2679K [0x00000000d5580000, 0x00000000d7680000, 0x0000000100000000)
  eden space 28160K, 0% used [0x00000000d5580000,0x00000000d5580000,0x00000000d7100000)
  from space 3072K, 87% used [0x00000000d7100000,0x00000000d739df60,0x00000000d7400000)
  to   space 2560K, 0% used [0x00000000d7400000,0x00000000d7400000,0x00000000d7680000)
 ParOldGen       total 464384K, used 463875K [0x0000000080000000, 0x000000009c580000, 0x00000000d5580000Event: 163.849 {heap Before GC invocations=359 (full 3):
 PSYoungGen      total 31232K, used 30839K [0x00000000d5580000, 0x00000000d7680000, 0x0000000100000000)
  eden space 28160K, 100% used [0x00000000d5580000,0x00000000d7100000,0x00000000d7100000)
  from space 3072K, 87% used [0x00000000d7100000,0x00000000d739df60,0x00000000d7400000)
  to   space 2560K, 0% used [0x00000000d7400000,0x00000000d7400000,0x00000000d7680000)
 ParOldGen       total 464384K, used 463875K [0x0000000080000000, 0x000000009c580000, 0x00000000d558Event: 163.852 {heap After GC invocations=359 (full 3):
 PSYoungGen      total 32256K, used 512K [0x00000000d5580000, 0x00000000d7680000, 0x0000000100000000)
  eden space 29696K, 0% used [0x00000000d5580000,0x00000000d5580000,0x00000000d7280000)
  from space 2560K, 20% used [0x00000000d7400000,0x00000000d7480020,0x00000000d7680000)
  to   space 1536K, 0% used [0x00000000d7280000,0x00000000d7280000,0x00000000d7400000)
 ParOldGen       total 466432K, used 466017K [0x0000000080000000, 0x000000009c780000, 0x00000000d5580000)Event: 165.692 {heap Before GC invocations=360 (full 3):
 PSYoungGen      total 32256K, used 30208K [0x00000000d5580000, 0x00000000d7680000, 0x0000000100000000)
  eden space 29696K, 100% used [0x00000000d5580000,0x00000000d7280000,0x00000000d7280000)
  from space 2560K, 20% used [0x00000000d7400000,0x00000000d7480020,0x00000000d7680000)
  to   space 1536K, 0% used [0x00000000d7280000,0x00000000d7280000,0x00000000d7400000)
 ParOldGen       total 466432K, used 466017K [0x0000000080000000, 0x000000009c780000, 0x00000000d558Event: 165.694 {heap After GC invocations=360 (full 3):
 PSYoungGen      total 31232K, used 512K [0x00000000d5580000, 0x00000000d7680000, 0x0000000100000000)
  eden space 29696K, 0% used [0x00000000d5580000,0x00000000d5580000,0x00000000d7280000)
  from space 1536K, 33% used [0x00000000d7280000,0x00000000d7300020,0x00000000d7400000)
  to   space 1024K, 0% used [0x00000000d7580000,0x00000000d7580000,0x00000000d7680000)
 ParOldGen       total 466432K, used 466273K [0x0000000080000000, 0x000000009c780000, 0x00000000d5580000)Event: 269.727 {heap Before GC invocations=361 (full 3):
 PSYoungGen      total 31232K, used 30208K [0x00000000d5580000, 0x00000000d7680000, 0x0000000100000000)
  eden space 29696K, 99% used [0x00000000d5580000,0x00000000d727ffe8,0x00000000d7280000)
  from space 1536K, 33% used [0x00000000d7280000,0x00000000d7300020,0x00000000d7400000)
  to   space 1024K, 0% used [0x00000000d7580000,0x00000000d7580000,0x00000000d7680000)
 ParOldGen       total 466432K, used 466273K [0x0000000080000000, 0x000000009c780000, 0x00000000d5580Event: 269.729 {heap After GC invocations=361 (full 3):
 PSYoungGen      total 31744K, used 1020K [0x00000000d5580000, 0x00000000d7680000, 0x0000000100000000)
  eden space 30720K, 0% used [0x00000000d5580000,0x00000000d5580000,0x00000000d7380000)
  from space 1024K, 99% used [0x00000000d7580000,0x00000000d767f1f8,0x00000000d7680000)
  to   space 1536K, 0% used [0x00000000d7380000,0x00000000d7380000,0x00000000d7500000)
 ParOldGen       total 466432K, used 466353K [0x0000000080000000, 0x000000009c780000, 0x00000000d5580000Event: 269.917 {heap Before GC invocations=362 (full 3):
 PSYoungGen      total 31744K, used 31740K [0x00000000d5580000, 0x00000000d7680000, 0x0000000100000000)
  eden space 30720K, 100% used [0x00000000d5580000,0x00000000d7380000,0x00000000d7380000)
  from space 1024K, 99% used [0x00000000d7580000,0x00000000d767f1f8,0x00000000d7680000)
  to   space 1536K, 0% used [0x00000000d7380000,0x00000000d7380000,0x00000000d7500000)
 ParOldGen       total 466432K, used 466353K [0x0000000080000000, 0x000000009c780000, 0x00000000d558Event: 269.919 {heap After GC invocations=362 (full 3):
 PSYoungGen      total 32256K, used 288K [0x00000000d5580000, 0x00000000d7680000, 0x0000000100000000)
  eden space 30720K, 0% used [0x00000000d5580000,0x00000000d5580000,0x00000000d7380000)
  from space 1536K, 18% used [0x00000000d7380000,0x00000000d73c8000,0x00000000d7500000)
  to   space 1024K, 0% used [0x00000000d7580000,0x00000000d7580000,0x00000000d7680000)
 ParOldGen       total 467456K, used 467335K [0x0000000080000000, 0x000000009c880000, 0x00000000d5580000)Event: 270.912 {heap Before GC invocations=363 (full 3):
 PSYoungGen      total 32256K, used 31008K [0x00000000d5580000, 0x00000000d7680000, 0x0000000100000000)
  eden space 30720K, 100% used [0x00000000d5580000,0x00000000d7380000,0x00000000d7380000)
  from space 1536K, 18% used [0x00000000d7380000,0x00000000d73c8000,0x00000000d7500000)
  to   space 1024K, 0% used [0x00000000d7580000,0x00000000d7580000,0x00000000d7680000)
 ParOldGen       total 467456K, used 467335K [0x0000000080000000, 0x000000009c880000, 0x00000000d558Event: 270.915 {heap After GC invocations=363 (full 3):
 PSYoungGen      total 32768K, used 842K [0x00000000d5580000, 0x00000000d7680000, 0x0000000100000000)
  eden space 31744K, 0% used [0x00000000d5580000,0x00000000d5580000,0x00000000d7480000)
  from space 1024K, 82% used [0x00000000d7580000,0x00000000d76528c8,0x00000000d7680000)
  to   space 1024K, 0% used [0x00000000d7480000,0x00000000d7480000,0x00000000d7580000)
 ParOldGen       total 467456K, used 467399K [0x0000000080000000, 0x000000009c880000, 0x00000000d5580000)
Metaspace Usage History (20 events):
Event: 152.398 {metaspace Before GC invocations=354 (full 3):
 Metaspace       used 86269K, committed 88192K, reserved 1179648K
  class space    used 7516K, committed 8256K, reserved 1048576K
}
Event: 152.400 {metaspace After GC invocations=354 (full 3):
 Metaspace       used 86269K, committed 88192K, reserved 1179648K
  class space    used 7516K, committed 8256K, reserved 1048576K
}
Event: 155.242 {metaspace Before GC invocations=355 (full 3):
 Metaspace       used 86344K, committed 88320K, reserved 1179648K
  class space    used 7520K, committed 8256K, reserved 1048576K
}
Event: 155.250 {metaspace After GC invocations=355 (full 3):
 Metaspace       used 86344K, committed 88320K, reserved 1179648K
  class space    used 7520K, committed 8256K, reserved 1048576K
}
Event: 157.596 {metaspace Before GC invocations=356 (full 3):
 Metaspace       used 86397K, committed 88384K, reserved 1179648K
  class space    used 7521K, committed 8320K, reserved 1048576K
}
Event: 157.600 {metaspace After GC invocations=356 (full 3):
 Metaspace       used 86397K, committed 88384K, reserved 1179648K
  class space    used 7521K, committed 8320K, reserved 1048576K
}
Event: 158.972 {metaspace Before GC invocations=357 (full 3):
 Metaspace       used 86435K, committed 88448K, reserved 1179648K
  class space    used 7521K, committed 8320K, reserved 1048576K
}
Event: 158.975 {metaspace After GC invocations=357 (full 3):
 Metaspace       used 86435K, committed 88448K, reserved 1179648K
  class space    used 7521K, committed 8320K, reserved 1048576K
}
Event: 161.512 {metaspace Before GC invocations=358 (full 3):
 Metaspace       used 86527K, committed 88512K, reserved 1179648K
  class space    used 7526K, committed 8320K, reserved 1048576K
}
Event: 161.518 {metaspace After GC invocations=358 (full 3):
 Metaspace       used 86527K, committed 88512K, reserved 1179648K
  class space    used 7526K, committed 8320K, reserved 1048576K
}
Event: 163.850 {metaspace Before GC invocations=359 (full 3):
 Metaspace       used 86555K, committed 88576K, reserved 1179648K
  class space    used 7527K, committed 8320K, reserved 1048576K
}
Event: 163.852 {metaspace After GC invocations=359 (full 3):
 Metaspace       used 86555K, committed 88576K, reserved 1179648K
  class space    used 7527K, committed 8320K, reserved 1048576K
}
Event: 165.692 {metaspace Before GC invocations=360 (full 3):
 Metaspace       used 86588K, committed 88576K, reserved 1179648K
  class space    used 7533K, committed 8320K, reserved 1048576K
}
Event: 165.694 {metaspace After GC invocations=360 (full 3):
 Metaspace       used 86588K, committed 88576K, reserved 1179648K
  class space    used 7533K, committed 8320K, reserved 1048576K
}
Event: 269.727 {metaspace Before GC invocations=361 (full 3):
 Metaspace       used 89576K, committed 91648K, reserved 1179648K
  class space    used 7905K, committed 8704K, reserved 1048576K
}
Event: 269.729 {metaspace After GC invocations=361 (full 3):
 Metaspace       used 89576K, committed 91648K, reserved 1179648K
  class space    used 7905K, committed 8704K, reserved 1048576K
}
Event: 269.917 {metaspace Before GC invocations=362 (full 3):
 Metaspace       used 89603K, committed 91712K, reserved 1179648K
  class space    used 7908K, committed 8704K, reserved 1048576K
}
Event: 269.919 {metaspace After GC invocations=362 (full 3):
 Metaspace       used 89603K, committed 91712K, reserved 1179648K
  class space    used 7908K, committed 8704K, reserved 1048576K
}
Event: 270.912 {metaspace Before GC invocations=363 (full 3):
 Metaspace       used 90581K, committed 93056K, reserved 1179648K
  class space    used 8098K, committed 9024K, reserved 1048576K
}
Event: 270.915 {metaspace After GC invocations=363 (full 3):
 Metaspace       used 90581K, committed 93056K, reserved 1179648K
  class space    used 8098K, committed 9024K, reserved 1048576K
}

Dll operation events (14 events):
Event: 0.015 Loaded shared library C:\Program Files\Java\jdk-25\bin\java.dll
Event: 0.032 Loaded shared library C:\Program Files\Java\jdk-25\bin\zip.dll
Event: 0.117 Loaded shared library C:\Program Files\Java\jdk-25\bin\instrument.dll
Event: 0.121 Loaded shared library C:\Program Files\Java\jdk-25\bin\net.dll
Event: 0.124 Loaded shared library C:\Program Files\Java\jdk-25\bin\nio.dll
Event: 0.129 Loaded shared library C:\Program Files\Java\jdk-25\bin\zip.dll
Event: 0.157 Loaded shared library C:\Program Files\Java\jdk-25\bin\jimage.dll
Event: 0.252 Loaded shared library C:\Program Files\Java\jdk-25\bin\verify.dll
Event: 1.731 Loaded shared library C:\Users\prope\AppData\Roaming\Code - Insiders\User\globalStorage\redhat.java\1.54.0\config_win\org.eclipse.equinox.launcher\org.eclipse.equinox.launcher.win32.win32.x86_64_1.3.0.v20260203-2149\eclipse_11919.dll
Event: 3.067 Loaded shared library C:\Program Files\Java\jdk-25\bin\management.dll
Event: 3.069 Loaded shared library C:\Program Files\Java\jdk-25\bin\management_ext.dll
Event: 4.232 Loaded shared library C:\Users\prope\AppData\Local\Temp\jna-106940770\jna5257929155249760058.dll
Event: 4.514 Loaded shared library C:\Program Files\Java\jdk-25\bin\sunmscapi.dll
Event: 4.565 Loaded shared library C:\Program Files\Java\jdk-25\bin\extnet.dll

Deoptimization events (20 events):
Event: 270.641 Thread 0x000001883f0e2d50 DEOPT PACKING pc=0x000001882dafc498 sp=0x000000514c7fe240
Event: 270.641 Thread 0x000001883f0e2d50 DEOPT UNPACKING pc=0x000001882c466002 sp=0x000000514c7fe148 mode 2
Event: 270.642 Thread 0x000001883f0e2d50 Uncommon trap: trap_request=0xffffffc6 fr.pc=0x000001882da75b90 relative=0x0000000000000510
Event: 270.642 Thread 0x000001883f0e2d50 Uncommon trap: reason=bimorphic_or_optimized_type_check action=maybe_recompile pc=0x000001882da75b90 method=java.util.Formatter$FormatSpecifier.printString(Ljava/util/Formatter;Ljava/lang/Object;Ljava/util/Locale;)V @ 89 c2
Event: 270.642 Thread 0x000001883f0e2d50 DEOPT PACKING pc=0x000001882da75b90 sp=0x000000514c7fe210
Event: 270.642 Thread 0x000001883f0e2d50 DEOPT UNPACKING pc=0x000001882c466002 sp=0x000000514c7fe148 mode 2
Event: 270.643 Thread 0x000001883f0e2d50 Uncommon trap: trap_request=0xffffff6e fr.pc=0x000001882d48a460 relative=0x0000000000001d60
Event: 270.643 Thread 0x000001883f0e2d50 Uncommon trap: reason=predicate action=maybe_recompile pc=0x000001882d48a460 method=java.util.stream.SortedOps$SizedRefSortingSink.end()V @ 44 c2
Event: 270.643 Thread 0x000001883f0e2d50 DEOPT PACKING pc=0x000001882d48a460 sp=0x000000514c7fe470
Event: 270.643 Thread 0x000001883f0e2d50 DEOPT UNPACKING pc=0x000001882c466002 sp=0x000000514c7fe468 mode 2
Event: 270.757 Thread 0x000001883e343f70 DEOPT PACKING pc=0x0000018826b4b76c sp=0x000000514d9ff500
Event: 270.757 Thread 0x000001883e343f70 DEOPT UNPACKING pc=0x000001882c3a1402 sp=0x000000514d9fe9c0 mode 1
Event: 270.762 Thread 0x000001883f0e2d50 Uncommon trap: trap_request=0xffffff45 fr.pc=0x000001882dba4234 relative=0x00000000000008b4
Event: 270.762 Thread 0x000001883f0e2d50 Uncommon trap: reason=unstable_if action=reinterpret pc=0x000001882dba4234 method=org.eclipse.osgi.internal.framework.BundleContextImpl.dispatchEvent(Ljava/lang/Object;Ljava/lang/Object;ILjava/lang/Object;)V @ 10 c2
Event: 270.762 Thread 0x000001883f0e2d50 DEOPT PACKING pc=0x000001882dba4234 sp=0x000000514c7fec80
Event: 270.762 Thread 0x000001883f0e2d50 DEOPT UNPACKING pc=0x000001882c466002 sp=0x000000514c7fec50 mode 2
Event: 270.763 Thread 0x000001883d759a20 Uncommon trap: trap_request=0xffffff6e fr.pc=0x000001882dba6e84 relative=0x0000000000000804
Event: 270.763 Thread 0x000001883d759a20 Uncommon trap: reason=predicate action=maybe_recompile pc=0x000001882dba6e84 method=org.eclipse.osgi.framework.eventmgr.EventManager.dispatchEvent(Ljava/util/Set;Lorg/eclipse/osgi/framework/eventmgr/EventDispatcher;ILjava/lang/Object;)V @ 65 c2
Event: 270.763 Thread 0x000001883d759a20 DEOPT PACKING pc=0x000001882dba6e84 sp=0x000000514d5ff7d0
Event: 270.763 Thread 0x000001883d759a20 DEOPT UNPACKING pc=0x000001882c466002 sp=0x000000514d5ff778 mode 2

Classes loaded (20 events):
Event: 166.988 Loading class java/util/concurrent/CompletableFuture$UniHandle
Event: 166.988 Loading class java/util/concurrent/CompletableFuture$UniHandle done
Event: 269.904 Loading class java/util/concurrent/ConcurrentHashMap$EntrySpliterator
Event: 269.905 Loading class java/util/concurrent/ConcurrentHashMap$EntrySpliterator done
Event: 269.933 Loading class java/util/zip/Deflater
Event: 269.934 Loading class java/util/zip/Deflater done
Event: 269.935 Loading class java/util/zip/Deflater$DeflaterZStreamRef
Event: 269.935 Loading class java/util/zip/Deflater$DeflaterZStreamRef done
Event: 269.978 Loading class java/util/Collections$EmptyListIterator
Event: 269.979 Loading class java/util/Collections$EmptyListIterator done
Event: 270.648 Loading class javax/security/auth/login/Configuration
Event: 270.648 Loading class javax/security/auth/login/Configuration done
Event: 270.841 Loading class java/lang/invoke/GenerateJLIClassesHelper
Event: 270.842 Loading class java/lang/invoke/GenerateJLIClassesHelper done
Event: 270.842 Loading class java/lang/invoke/GenerateJLIClassesHelper$HolderClassBuilder
Event: 270.842 Loading class java/lang/invoke/GenerateJLIClassesHelper$HolderClassBuilder done
Event: 270.893 Loading class java/lang/invoke/BoundMethodHandle$Species_J
Event: 270.893 Loading class java/lang/invoke/BoundMethodHandle$Species_J done
Event: 270.925 Loading class java/lang/invoke/BoundMethodHandle$Species_F
Event: 270.925 Loading class java/lang/invoke/BoundMethodHandle$Species_F done

Classes unloaded (11 events):
Event: 3.569 Thread 0x000001881c73d250 Unloading class 0x000000003a159800 'java/lang/invoke/LambdaForm$MH+0x000000003a159800'
Event: 3.569 Thread 0x000001881c73d250 Unloading class 0x000000003a159400 'java/lang/invoke/LambdaForm$MH+0x000000003a159400'
Event: 3.569 Thread 0x000001881c73d250 Unloading class 0x000000003a159000 'java/lang/invoke/LambdaForm$MH+0x000000003a159000'
Event: 3.569 Thread 0x000001881c73d250 Unloading class 0x000000003a158c00 'java/lang/invoke/LambdaForm$MH+0x000000003a158c00'
Event: 3.569 Thread 0x000001881c73d250 Unloading class 0x000000003a158800 'java/lang/invoke/LambdaForm$BMH+0x000000003a158800'
Event: 3.569 Thread 0x000001881c73d250 Unloading class 0x000000003a158400 'java/lang/invoke/LambdaForm$DMH+0x000000003a158400'
Event: 3.569 Thread 0x000001881c73d250 Unloading class 0x000000003a152c00 'java/lang/invoke/LambdaForm$DMH+0x000000003a152c00'
Event: 19.694 Thread 0x000001881c73d250 Unloading class 0x000000003a54d000 'java/lang/invoke/LambdaForm$DMH+0x000000003a54d000'
Event: 19.694 Thread 0x000001881c73d250 Unloading class 0x000000003a54cc00 'java/lang/invoke/LambdaForm$DMH+0x000000003a54cc00'
Event: 19.694 Thread 0x000001881c73d250 Unloading class 0x000000003a54c000 'java/lang/invoke/LambdaForm$DMH+0x000000003a54c000'
Event: 19.694 Thread 0x000001881c73d250 Unloading class 0x000000003a54c800 'java/lang/invoke/LambdaForm$DMH+0x000000003a54c800'

Classes redefined (0 events):
No events

Internal exceptions (20 events):
Event: 270.935 Thread 0x000001881a1a8bc0 Exception <a 'java/lang/NoSuchMethodError'{0x00000000d5e93580}: 'int java.lang.invoke.Invokers$Holder.invoke_MT(java.lang.Object, java.lang.Object)'> (0x00000000d5e93580) 
thrown [s\open\src\hotspot\share\interpreter\linkResolver.cpp, line 804]
Event: 270.935 Thread 0x000001881a1a8bc0 Exception <a 'java/lang/NoSuchMethodError'{0x00000000d5e9b9a0}: 'long java.lang.invoke.Invokers$Holder.invoke_MT(java.lang.Object, java.lang.Object)'> (0x00000000d5e9b9a0) 
thrown [s\open\src\hotspot\share\interpreter\linkResolver.cpp, line 804]
Event: 270.936 Thread 0x000001881a1a8bc0 Exception <a 'java/lang/NoSuchMethodError'{0x00000000d5ea7ef8}: 'java.lang.Object java.lang.invoke.Invokers$Holder.linkToCallSite(int, int, int, java.lang.Object)'> (0x00000000d5ea7ef8) 
thrown [s\open\src\hotspot\share\interpreter\linkResolver.cpp, line 804]
Event: 270.936 Thread 0x000001881a1a8bc0 Exception <a 'java/lang/NoSuchMethodError'{0x00000000d5eb0620}: 'java.lang.Object java.lang.invoke.Invokers$Holder.linkToCallSite(int, long, java.lang.Object)'> (0x00000000d5eb0620) 
thrown [s\open\src\hotspot\share\interpreter\linkResolver.cpp, line 804]
Event: 270.936 Thread 0x000001881a1a8bc0 Exception <a 'java/lang/NoSuchMethodError'{0x00000000d5eb87c8}: 'java.lang.Object java.lang.invoke.Invokers$Holder.linkToCallSite(int, java.lang.Object, java.lang.Object, java.lang.Object)'> (0x00000000d5eb87c8) 
thrown [s\open\src\hotspot\share\interpreter\linkResolver.cpp, line 804]
Event: 270.937 Thread 0x000001881a1a8bc0 Exception <a 'java/lang/NoSuchMethodError'{0x00000000d5ec0b58}: 'java.lang.Object java.lang.invoke.Invokers$Holder.linkToCallSite(int, java.lang.Object, java.lang.Object, java.lang.Object, java.lang.Object)'> (0x00000000d5ec0b58) 
thrown [s\open\src\hotspot\share\interpreter\linkResolver.cpp, line 804]
Event: 270.937 Thread 0x000001881a1a8bc0 Exception <a 'java/lang/NoSuchMethodError'{0x00000000d5eccb88}: 'java.lang.Object java.lang.invoke.Invokers$Holder.linkToCallSite(java.lang.Object, java.lang.Object, java.lang.Object, int, java.lang.Object, java.lang.Object, java.lang.Object)'> (0x00000000d5eccb88) 
thrown [s\open\src\hotspot\share\interpreter\linkResolver.cpp, line 804]
Event: 270.937 Thread 0x000001881a1a8bc0 Exception <a 'java/lang/NoSuchMethodError'{0x00000000d5ed5108}: 'java.lang.Object java.lang.invoke.Invokers$Holder.linkToCallSite(java.lang.Object, java.lang.Object, java.lang.Object, int, java.lang.Object, java.lang.Object)'> (0x00000000d5ed5108) 
thrown [s\open\src\hotspot\share\interpreter\linkResolver.cpp, line 804]
Event: 270.938 Thread 0x000001881a1a8bc0 Exception <a 'java/lang/NoSuchMethodError'{0x00000000d5ee0198}: 'java.lang.Object java.lang.invoke.Invokers$Holder.linkToCallSite(java.lang.Object, java.lang.Object, java.lang.Object, java.lang.Object, java.lang.Object, java.lang.Object, java.lang.Object, java.lang.Object, java.lang.Object, int, java.lang.Object, java.lang.Object, java.lang.Object, java.lang.Object)'> (0x00000000d5ee0198) 
thrown [s\open\src\hotspot\share\interpreter\linkResolver.cpp, line 804]
Event: 270.938 Thread 0x000001881a1a8bc0 Exception <a 'java/lang/NoSuchMethodError'{0x00000000d5eeb528}: 'java.lang.Object java.lang.invoke.Invokers$Holder.linkToCallSite(java.lang.Object, int, java.lang.Object, java.lang.Object, java.lang.Object)'> (0x00000000d5eeb528) 
thrown [s\open\src\hotspot\share\interpreter\linkResolver.cpp, line 804]
Event: 270.938 Thread 0x000001881a1a8bc0 Exception <a 'java/lang/NoSuchMethodError'{0x00000000d5ef3950}: 'java.lang.Object java.lang.invoke.Invokers$Holder.linkToCallSite(java.lang.Object, int, java.lang.Object, int, java.lang.Object, java.lang.Object)'> (0x00000000d5ef3950) 
thrown [s\open\src\hotspot\share\interpreter\linkResolver.cpp, line 804]
Event: 270.938 Thread 0x000001881a1a8bc0 Exception <a 'java/lang/NoSuchMethodError'{0x00000000d5efc020}: 'java.lang.Object java.lang.invoke.Invokers$Holder.linkToCallSite(java.lang.Object, int, java.lang.Object, int, java.lang.Object)'> (0x00000000d5efc020) 
thrown [s\open\src\hotspot\share\interpreter\linkResolver.cpp, line 804]
Event: 270.939 Thread 0x000001881a1a8bc0 Exception <a 'java/lang/NoSuchMethodError'{0x00000000d5f04308}: 'java.lang.Object java.lang.invoke.Invokers$Holder.linkToCallSite(java.lang.Object, int, java.lang.Object, java.lang.Object)'> (0x00000000d5f04308) 
thrown [s\open\src\hotspot\share\interpreter\linkResolver.cpp, line 804]
Event: 270.939 Thread 0x000001881a1a8bc0 Exception <a 'java/lang/NoSuchMethodError'{0x00000000d5f0cf90}: 'java.lang.Object java.lang.invoke.Invokers$Holder.linkToCallSite(java.lang.Object, long, java.lang.Object, java.lang.Object)'> (0x00000000d5f0cf90) 
thrown [s\open\src\hotspot\share\interpreter\linkResolver.cpp, line 804]
Event: 270.939 Thread 0x000001881a1a8bc0 Exception <a 'java/lang/NoSuchMethodError'{0x00000000d5f15258}: 'java.lang.Object java.lang.invoke.Invokers$Holder.linkToCallSite(java.lang.Object, long, java.lang.Object)'> (0x00000000d5f15258) 
thrown [s\open\src\hotspot\share\interpreter\linkResolver.cpp, line 804]
Event: 270.939 Thread 0x000001881a1a8bc0 Exception <a 'java/lang/NoSuchMethodError'{0x00000000d5f1d4d0}: 'java.lang.Object java.lang.invoke.Invokers$Holder.linkToCallSite(java.lang.Object, java.lang.Object, int, int, int, java.lang.Object)'> (0x00000000d5f1d4d0) 
thrown [s\open\src\hotspot\share\interpreter\linkResolver.cpp, line 804]
Event: 270.939 Thread 0x000001881a1a8bc0 Exception <a 'java/lang/NoSuchMethodError'{0x00000000d5f25890}: 'java.lang.Object java.lang.invoke.Invokers$Holder.linkToCallSite(java.lang.Object, java.lang.Object, int, int, java.lang.Object)'> (0x00000000d5f25890) 
thrown [s\open\src\hotspot\share\interpreter\linkResolver.cpp, line 804]
Event: 270.939 Thread 0x000001881a1a8bc0 Exception <a 'java/lang/NoSuchMethodError'{0x00000000d5f2e108}: 'java.lang.Object java.lang.invoke.Invokers$Holder.linkToCallSite(java.lang.Object, java.lang.Object, int, java.lang.Object, java.lang.Object)'> (0x00000000d5f2e108) 
thrown [s\open\src\hotspot\share\interpreter\linkResolver.cpp, line 804]
Event: 270.940 Thread 0x000001881a1a8bc0 Exception <a 'java/lang/NoSuchMethodError'{0x00000000d5f32460}: 'java.lang.Object java.lang.invoke.Invokers$Holder.linkToCallSite(java.lang.Object, java.lang.Object, int, java.lang.Object)'> (0x00000000d5f32460) 
thrown [s\open\src\hotspot\share\interpreter\linkResolver.cpp, line 804]
Event: 270.940 Thread 0x000001881a1a8bc0 Exception <a 'java/lang/NoSuchMethodError'{0x00000000d5f3f2d8}: 'java.lang.Object java.lang.invoke.Invokers$Holder.linkToCallSite(java.lang.Object, java.lang.Object, long, java.lang.Object)'> (0x00000000d5f3f2d8) 
thrown [s\open\src\hotspot\share\interpreter\linkResolver.cpp, line 804]

VM Operations (20 events):
Event: 269.919 Executing safepoint VM operation: ParallelCollectForAllocation (Allocation Failure) done
Event: 270.113 Executing non-safepoint VM operation: HandshakeAllThreads (Deoptimize)
Event: 270.113 Executing non-safepoint VM operation: HandshakeAllThreads (Deoptimize) done
Event: 270.712 Executing non-safepoint VM operation: HandshakeAllThreads (Deoptimize)
Event: 270.712 Executing non-safepoint VM operation: HandshakeAllThreads (Deoptimize) done
Event: 270.783 Executing non-safepoint VM operation: HandshakeAllThreads (Deoptimize)
Event: 270.783 Executing non-safepoint VM operation: HandshakeAllThreads (Deoptimize) done
Event: 270.788 Executing non-safepoint VM operation: HandshakeAllThreads (Deoptimize)
Event: 270.788 Executing non-safepoint VM operation: HandshakeAllThreads (Deoptimize) done
Event: 270.792 Executing non-safepoint VM operation: HandshakeAllThreads (Deoptimize)
Event: 270.793 Executing non-safepoint VM operation: HandshakeAllThreads (Deoptimize) done
Event: 270.797 Executing non-safepoint VM operation: HandshakeAllThreads (Deoptimize)
Event: 270.797 Executing non-safepoint VM operation: HandshakeAllThreads (Deoptimize) done
Event: 270.799 Executing non-safepoint VM operation: HandshakeAllThreads (Deoptimize)
Event: 270.800 Executing non-safepoint VM operation: HandshakeAllThreads (Deoptimize) done
Event: 270.804 Executing non-safepoint VM operation: HandshakeAllThreads (Deoptimize)
Event: 270.805 Executing non-safepoint VM operation: HandshakeAllThreads (Deoptimize) done
Event: 270.912 Executing safepoint VM operation: ParallelCollectForAllocation (Allocation Failure)
Event: 270.915 Executing safepoint VM operation: ParallelCollectForAllocation (Allocation Failure) done
Event: 270.947 Executing safepoint VM operation: PopulateDumpSharedSpace

Memory protections (0 events):
No events

Nmethod flushes (20 events):
Event: 19.717 Thread 0x000001881c73d250 flushing  nmethod 0x0000018825774408
Event: 19.717 Thread 0x000001881c73d250 flushing  nmethod 0x0000018825776888
Event: 19.717 Thread 0x000001881c73d250 flushing  nmethod 0x0000018825778e88
Event: 19.717 Thread 0x000001881c73d250 flushing  nmethod 0x000001882577d788
Event: 19.717 Thread 0x000001881c73d250 flushing  nmethod 0x0000018825790708
Event: 19.717 Thread 0x000001881c73d250 flushing  nmethod 0x000001882579df08
Event: 19.717 Thread 0x000001881c73d250 flushing  nmethod 0x000001882579fb88
Event: 19.717 Thread 0x000001881c73d250 flushing  nmethod 0x00000188257a2208
Event: 19.717 Thread 0x000001881c73d250 flushing  nmethod 0x00000188257a2988
Event: 19.717 Thread 0x000001881c73d250 flushing  nmethod 0x00000188257a2d88
Event: 19.717 Thread 0x000001881c73d250 flushing  nmethod 0x00000188257a3808
Event: 19.717 Thread 0x000001881c73d250 flushing  nmethod 0x00000188257a3e88
Event: 19.717 Thread 0x000001881c73d250 flushing  nmethod 0x00000188257a4188
Event: 19.717 Thread 0x000001881c73d250 flushing  nmethod 0x00000188257a5188
Event: 19.717 Thread 0x000001881c73d250 flushing  nmethod 0x00000188257bdb08
Event: 19.717 Thread 0x000001881c73d250 flushing  nmethod 0x00000188257bea88
Event: 19.717 Thread 0x000001881c73d250 flushing  nmethod 0x000001882580d308
Event: 19.717 Thread 0x000001881c73d250 flushing  nmethod 0x0000018825828c88
Event: 19.717 Thread 0x000001881c73d250 flushing  nmethod 0x000001882583a988
Event: 19.717 Thread 0x000001881c73d250 flushing  nmethod 0x0000018825841688

Events (20 events):
Event: 270.162 Thread 0x0000018840583040 Thread exited: 0x0000018840583040
Event: 270.623 Thread 0x000001883f671970 Thread exited: 0x000001883f671970
Event: 270.626 Thread 0x00000188421e3a30 Thread exited: 0x00000188421e3a30
Event: 270.626 Thread 0x0000018844ebc020 Thread exited: 0x0000018844ebc020
Event: 270.713 Thread 0x0000018844ebd040 Thread added: 0x0000018854453e70
Event: 270.752 Thread 0x000001883e34a500 Thread exited: 0x000001883e34a500
Event: 270.752 Thread 0x00000188400e4590 Thread exited: 0x00000188400e4590
Event: 270.753 Thread 0x000001883f672910 Thread exited: 0x000001883f672910
Event: 270.757 Thread 0x000001883e343f70 Thread exited: 0x000001883e343f70
Event: 270.762 Thread 0x000001883d75f010 Thread exited: 0x000001883d75f010
Event: 270.762 Thread 0x000001883d75b190 Thread exited: 0x000001883d75b190
Event: 270.763 Thread 0x000001883d759a20 Thread exited: 0x000001883d759a20
Event: 270.763 Thread 0x000001883d75f7e0 Thread exited: 0x000001883d75f7e0
Event: 270.763 Thread 0x000001883d75ffb0 Thread exited: 0x000001883d75ffb0
Event: 270.766 Thread 0x000001883f0e2d50 Thread exited: 0x000001883f0e2d50
Event: 270.766 Thread 0x000001881a1a8bc0 Thread added: 0x000001883e1e4150
Event: 270.767 Thread 0x000001883e1e4150 Thread exited: 0x000001883e1e4150
Event: 270.767 Thread 0x000001881a1a8bc0 Before exit entered
Event: 270.880 Thread 0x0000018844ebd040 Thread added: 0x000001883daa85e0
Event: 270.920 Thread 0x0000018844ebd040 Thread added: 0x00000188429a57d0


Dynamic libraries:
0x00007ff7cd510000 - 0x00007ff7cd520000 	C:\Program Files\Java\jdk-25\bin\java.exe
0x00007ffe03280000 - 0x00007ffe034e7000 	C:\WINDOWS\SYSTEM32\ntdll.dll
0x00007ffe01ba0000 - 0x00007ffe01c69000 	C:\WINDOWS\System32\KERNEL32.DLL
0x00007ffe00c20000 - 0x00007ffe01011000 	C:\WINDOWS\System32\KERNELBASE.dll
0x00007ffe00950000 - 0x00007ffe00a9b000 	C:\WINDOWS\System32\ucrtbase.dll
0x00007ffdf6900000 - 0x00007ffdf6917000 	C:\Program Files\Java\jdk-25\bin\jli.dll
0x00007ffdf6770000 - 0x00007ffdf678e000 	C:\Program Files\Java\jdk-25\bin\VCRUNTIME140.dll
0x00007ffe02f10000 - 0x00007ffe030d5000 	C:\WINDOWS\System32\USER32.dll
0x00007ffde36c0000 - 0x00007ffde3953000 	C:\WINDOWS\WinSxS\amd64_microsoft.windows.common-controls_6595b64144ccf1df_6.0.26100.8037_none_3e092faae333b53b\COMCTL32.dll
0x00007ffe00510000 - 0x00007ffe00537000 	C:\WINDOWS\System32\win32u.dll
0x00007ffe01430000 - 0x00007ffe014d9000 	C:\WINDOWS\System32\msvcrt.dll
0x00007ffe02700000 - 0x00007ffe0272b000 	C:\WINDOWS\System32\GDI32.dll
0x00007ffe00760000 - 0x00007ffe0088b000 	C:\WINDOWS\System32\gdi32full.dll
0x00007ffdffb60000 - 0x00007ffdffc03000 	C:\WINDOWS\System32\msvcp_win.dll
0x00007ffe026c0000 - 0x00007ffe026f1000 	C:\WINDOWS\System32\IMM32.DLL
0x00007ffdfd250000 - 0x00007ffdfd25c000 	C:\Program Files\Java\jdk-25\bin\vcruntime140_1.dll
0x00007ffdd8a40000 - 0x00007ffdd8acd000 	C:\Program Files\Java\jdk-25\bin\msvcp140.dll
0x00007ffd77050000 - 0x00007ffd77eaf000 	C:\Program Files\Java\jdk-25\bin\server\jvm.dll
0x00007ffe02730000 - 0x00007ffe027eb000 	C:\WINDOWS\System32\ADVAPI32.dll
0x00007ffe01020000 - 0x00007ffe010c7000 	C:\WINDOWS\System32\sechost.dll
0x00007ffe027f0000 - 0x00007ffe02908000 	C:\WINDOWS\System32\RPCRT4.dll
0x00007ffe01900000 - 0x00007ffe01974000 	C:\WINDOWS\System32\WS2_32.dll
0x00007ffdff9c0000 - 0x00007ffdffa1e000 	C:\WINDOWS\SYSTEM32\POWRPROF.dll
0x00007ffdf8af0000 - 0x00007ffdf8b25000 	C:\WINDOWS\SYSTEM32\WINMM.dll
0x00007ffdf8b30000 - 0x00007ffdf8b3b000 	C:\WINDOWS\SYSTEM32\VERSION.dll
0x00007ffdff9a0000 - 0x00007ffdff9b4000 	C:\WINDOWS\SYSTEM32\UMPDC.dll
0x00007ffdfe8f0000 - 0x00007ffdfe90b000 	C:\WINDOWS\SYSTEM32\kernel.appcore.dll
0x00007ffdfb420000 - 0x00007ffdfb42a000 	C:\Program Files\Java\jdk-25\bin\jimage.dll
0x00007ffdf3760000 - 0x00007ffdf39a2000 	C:\WINDOWS\SYSTEM32\DBGHELP.DLL
0x00007ffe01570000 - 0x00007ffe018f2000 	C:\WINDOWS\System32\combase.dll
0x00007ffe025e0000 - 0x00007ffe026b7000 	C:\WINDOWS\System32\OLEAUT32.dll
0x00007ffde48c0000 - 0x00007ffde48fb000 	C:\WINDOWS\SYSTEM32\dbgcore.DLL
0x00007ffe006b0000 - 0x00007ffe00755000 	C:\WINDOWS\System32\bcryptPrimitives.dll
0x00007ffdf63f0000 - 0x00007ffdf6400000 	C:\Program Files\Java\jdk-25\bin\instrument.dll
0x00007ffdf6060000 - 0x00007ffdf607f000 	C:\Program Files\Java\jdk-25\bin\java.dll
0x00007ffe01a00000 - 0x00007ffe01b95000 	C:\WINDOWS\System32\ole32.dll
0x00007ffe01c70000 - 0x00007ffe023cf000 	C:\WINDOWS\System32\SHELL32.dll
0x00007ffe00540000 - 0x00007ffe006aa000 	C:\WINDOWS\System32\wintypes.dll
0x00007ffdeabd0000 - 0x00007ffdeabe7000 	C:\Program Files\Java\jdk-25\bin\zip.dll
0x00007ffdffc10000 - 0x00007ffe00474000 	C:\WINDOWS\System32\windows.storage.dll
0x00007ffe030e0000 - 0x00007ffe031d7000 	C:\WINDOWS\System32\SHCORE.dll
0x00007ffe023e0000 - 0x00007ffe02447000 	C:\WINDOWS\System32\shlwapi.dll
0x00007ffdffa80000 - 0x00007ffdffaa9000 	C:\WINDOWS\SYSTEM32\profapi.dll
0x00007ffdeabb0000 - 0x00007ffdeabc2000 	C:\Program Files\Java\jdk-25\bin\net.dll
0x00007ffdfee60000 - 0x00007ffdfeecb000 	C:\WINDOWS\system32\mswsock.dll
0x00007ffde9e50000 - 0x00007ffde9e66000 	C:\Program Files\Java\jdk-25\bin\nio.dll
0x00007ffdf6390000 - 0x00007ffdf63a0000 	C:\Program Files\Java\jdk-25\bin\verify.dll
0x00007ffde9da0000 - 0x00007ffde9de5000 	C:\Users\prope\AppData\Roaming\Code - Insiders\User\globalStorage\redhat.java\1.54.0\config_win\org.eclipse.equinox.launcher\org.eclipse.equinox.launcher.win32.win32.x86_64_1.3.0.v20260203-2149\eclipse_11919.dll
0x00007ffdf6260000 - 0x00007ffdf626a000 	C:\Program Files\Java\jdk-25\bin\management.dll
0x00007ffdf2730000 - 0x00007ffdf273c000 	C:\Program Files\Java\jdk-25\bin\management_ext.dll
0x00007ffe02910000 - 0x00007ffe02918000 	C:\WINDOWS\System32\PSAPI.DLL
0x00007ffdff140000 - 0x00007ffdff15b000 	C:\WINDOWS\SYSTEM32\CRYPTSP.dll
0x00007ffdfe850000 - 0x00007ffdfe889000 	C:\WINDOWS\system32\rsaenh.dll
0x00007ffdfef10000 - 0x00007ffdfef42000 	C:\WINDOWS\SYSTEM32\USERENV.dll
0x00007ffdffa50000 - 0x00007ffdffa7a000 	C:\WINDOWS\SYSTEM32\bcrypt.dll
0x00007ffdff160000 - 0x00007ffdff16c000 	C:\WINDOWS\SYSTEM32\CRYPTBASE.dll
0x00007ffdfe330000 - 0x00007ffdfe363000 	C:\WINDOWS\SYSTEM32\IPHLPAPI.DLL
0x00007ffe02450000 - 0x00007ffe0245a000 	C:\WINDOWS\System32\NSI.dll
0x00007ffddee60000 - 0x00007ffddeea9000 	C:\Users\prope\AppData\Local\Temp\jna-106940770\jna5257929155249760058.dll
0x00007ffdfa000000 - 0x00007ffdfa127000 	C:\WINDOWS\SYSTEM32\winhttp.dll
0x00007ffdfa6d0000 - 0x00007ffdfa6ed000 	C:\WINDOWS\SYSTEM32\dhcpcsvc6.DLL
0x00007ffdfa6a0000 - 0x00007ffdfa6c3000 	C:\WINDOWS\SYSTEM32\dhcpcsvc.DLL
0x00007ffdeaba0000 - 0x00007ffdeabae000 	C:\Program Files\Java\jdk-25\bin\sunmscapi.dll
0x00007ffe00aa0000 - 0x00007ffe00c17000 	C:\WINDOWS\System32\CRYPT32.dll
0x00007ffdff360000 - 0x00007ffdff390000 	C:\WINDOWS\SYSTEM32\ncrypt.dll
0x00007ffdff310000 - 0x00007ffdff34f000 	C:\WINDOWS\SYSTEM32\NTASN1.dll
0x00007ffdfe3d0000 - 0x00007ffdfe4fa000 	C:\WINDOWS\SYSTEM32\DNSAPI.dll
0x00007ffdf8df0000 - 0x00007ffdf8dfb000 	C:\Windows\System32\rasadhlp.dll
0x00007ffdfa980000 - 0x00007ffdfaa06000 	C:\WINDOWS\System32\fwpuclnt.dll
0x00007ffde9ec0000 - 0x00007ffde9ec9000 	C:\Program Files\Java\jdk-25\bin\extnet.dll
0x00007ffdfea10000 - 0x00007ffdfea46000 	C:\WINDOWS\SYSTEM32\ntmarta.dll

JVMTI agents:
c:\Users\prope\.vscode-insiders\extensions\redhat.java-1.54.0-win32-x64\lombok\lombok-1.18.39-4050.jar path:C:\Program Files\Java\jdk-25\bin\instrument.dll, loaded, initialized, instrumentlib options:none

dbghelp: loaded successfully - version: 4.0.5 - missing functions: none
symbol engine: initialized successfully - sym options: 0x614 - pdb path: .;C:\Program Files\Java\jdk-25\bin;C:\WINDOWS\SYSTEM32;C:\WINDOWS\WinSxS\amd64_microsoft.windows.common-controls_6595b64144ccf1df_6.0.26100.8037_none_3e092faae333b53b;C:\Program Files\Java\jdk-25\bin\server;C:\Users\prope\AppData\Roaming\Code - Insiders\User\globalStorage\redhat.java\1.54.0\config_win\org.eclipse.equinox.launcher\org.eclipse.equinox.launcher.win32.win32.x86_64_1.3.0.v20260203-2149;C:\Users\prope\AppData\Local\Temp\jna-106940770

VM Arguments:
jvm_args: -Djdk.xml.maxGeneralEntitySizeLimit=0 -Djdk.xml.totalEntitySizeLimit=0 --add-modules=ALL-SYSTEM --add-opens=java.base/java.util=ALL-UNNAMED --add-opens=java.base/java.lang=ALL-UNNAMED --add-opens=java.base/sun.nio.fs=ALL-UNNAMED -Declipse.application=org.eclipse.jdt.ls.core.id1 -Dosgi.bundles.defaultStartLevel=4 -Declipse.product=org.eclipse.jdt.ls.core.product -Djava.import.generatesMetadataFilesAtProjectRoot=false -DDetectVMInstallationsJob.disabled=true -Dfile.encoding=utf8 -XX:+UseParallelGC -XX:GCTimeRatio=4 -XX:AdaptiveSizePolicyWeight=90 -Dsun.zip.disableMemoryMapping=true -Xmx2G -Xms100m -Xlog:disable -javaagent:c:\Users\prope\.vscode-insiders\extensions\redhat.java-1.54.0-win32-x64\lombok\lombok-1.18.39-4050.jar -XX:+HeapDumpOnOutOfMemoryError -XX:HeapDumpPath=c:\Users\prope\AppData\Roaming\Code - Insiders\User\workspaceStorage\388aa090214a592c3910503443b8b992\redhat.java -Daether.dependencyCollector.impl=bf -Djdt.core.sharedIndexLocation=C:\Users\prope\AppData\Roaming\.jdt\index -XX:+UnlockDiagnosticVMOptions -XX:+AllowArchivingWithJavaAgent -XX:+AutoCreateSharedArchive -XX:SharedArchiveFile=c:\Users\prope\AppData\Roaming\Code - Insiders\User\globalStorage\redhat.java\1.54.0\jdtls.jsa 
java_command: c:\Users\prope\.vscode-insiders\extensions\redhat.java-1.54.0-win32-x64\server\plugins\org.eclipse.equinox.launcher_1.7.100.v20251111-0406.jar -configuration c:\Users\prope\AppData\Roaming\Code - Insiders\User\globalStorage\redhat.java\1.54.0\config_win -data c:\Users\prope\AppData\Roaming\Code - Insiders\User\workspaceStorage\388aa090214a592c3910503443b8b992\redhat.java\jdt_ws --pipe=\\.\pipe\lsp-59a1026721bf86752403507b580f69e0-sock
java_class_path (initial): c:\Users\prope\.vscode-insiders\extensions\redhat.java-1.54.0-win32-x64\server\plugins\org.eclipse.equinox.launcher_1.7.100.v20251111-0406.jar
Launcher Type: SUN_STANDARD

[Global flags]
     bool AOTInvokeDynamicLinking                  = false                                  {diagnostic} {ergonomic}
     bool AOTRecordTraining                        = false                                  {diagnostic} {ergonomic}
     bool AOTReplayTraining                        = false                                  {diagnostic} {ergonomic}
     uint AdaptiveSizePolicyWeight                 = 90                                        {product} {command line}
     bool AllowArchivingWithJavaAgent              = true                                   {diagnostic} {command line}
    ccstr ArchiveClassesAtExit                     = c:\Users\prope\AppData\Roaming\Code - Insiders\User\globalStorage\redhat.java\1.54.0\jdtls.jsa            {product} {ergonomic}
     bool AutoCreateSharedArchive                  = true                                      {product} {command line}
     intx CICompilerCount                          = 12                                        {product} {ergonomic}
     uint GCTimeRatio                              = 4                                         {product} {command line}
     bool HeapDumpOnOutOfMemoryError               = true                                   {manageable} {command line}
    ccstr HeapDumpPath                             = c:\Users\prope\AppData\Roaming\Code - Insiders\User\workspaceStorage\388aa090214a592c3910503443b8b992\redhat.java         {manageable} {command line}
   size_t InitialHeapSize                          = 104857600                                 {product} {command line}
   size_t MaxHeapSize                              = 2147483648                                {product} {command line}
   size_t MaxNewSize                               = 715653120                                 {product} {ergonomic}
   size_t MinHeapDeltaBytes                        = 524288                                    {product} {ergonomic}
   size_t MinHeapSize                              = 104857600                                 {product} {command line}
   size_t NewSize                                  = 34603008                                  {product} {ergonomic}
    uintx NonNMethodCodeHeapSize                   = 7602176                                {pd product} {ergonomic}
    uintx NonProfiledCodeHeapSize                  = 122093568                              {pd product} {ergonomic}
    uintx ProfiledCodeHeapSize                     = 121962496                              {pd product} {ergonomic}
    uintx ReservedCodeCacheSize                    = 251658240                              {pd product} {ergonomic}
     bool SegmentedCodeCache                       = true                                      {product} {ergonomic}
    ccstr SharedArchiveFile                        =                                           {product} {command line, ergonomic}
   size_t SoftMaxHeapSize                          = 2147483648                             {manageable} {ergonomic}
     bool UnlockDiagnosticVMOptions                = true                                   {diagnostic} {command line}
     bool UseCompressedOops                        = true                           {product lp64_product} {ergonomic}
     bool UseLargePagesIndividualAllocation        = false                                  {pd product} {ergonomic}
     bool UseParallelGC                            = true                                      {product} {command line}
      int X86ICacheSync                            = 3                                 {ARCH diagnostic} {ergonomic}

Logging:
Log output configuration:
 #0: stdout all=off uptime,level,tags foldmultilines=false
 #1: stderr all=off uptime,level,tags foldmultilines=false

Release file:
IMPLEMENTOR="Oracle Corporation" 
JAVA_RUNTIME_VERSION="25.0.1+8-LTS-27" 
JAVA_VERSION="25.0.1" 
JAVA_VERSION_DATE="2025-10-21" 
LIBC="default" 
MODULES="java.base java.compiler java.datatransfer java.xml java.prefs java.desktop java.instrument java.logging java.management java.security.sasl java.naming java.rmi java.management.rmi java.net.http java.scripting java.security.jgss java.transaction.xa java.sql java.sql.rowset java.xml.crypto java.se java.smartcardio jdk.accessibility jdk.internal.jvmstat jdk.attach jdk.charsets jdk.internal.opt jdk.zipfs jdk.compiler jdk.crypto.cryptoki jdk.crypto.ec jdk.crypto.mscapi jdk.dynalink jdk.internal.ed jdk.editpad jdk.internal.vm.ci jdk.graal.compiler jdk.graal.compiler.management jdk.hotspot.agent jdk.httpserver jdk.incubator.vector jdk.internal.le jdk.internal.md jdk.jartool jdk.javadoc jdk.jcmd jdk.management jdk.management.agent jdk.jconsole jdk.jdeps jdk.jdwp.agent jdk.jdi jdk.jfr jdk.jlink jdk.jpackage jdk.jshell jdk.jsobject jdk.jstatd jdk.localedata jdk.management.jfr jdk.naming.dns jdk.naming.rmi jdk.net jdk.nio.mapmode jdk.sctp jdk.security.auth jdk.security.jgss jdk.unsupported jdk.unsupported.desktop jdk.xml.dom" 
OS_ARCH="x86_64" 
OS_NAME="Windows" 
SOURCE=".:git:862c85bc42b7 open:git:78770bfaefd2" 

Environment Variables:
PATH=C:\Program Files\Common Files\Oracle\Java\javapath;C:\WINDOWS\system32;C:\WINDOWS;C:\WINDOWS\System32\Wbem;C:\WINDOWS\System32\WindowsPowerShell\v1.0\;C:\WINDOWS\System32\OpenSSH\;C:\Program Files\Neovim\bin;C:\Program Files\YASB\;C:\Program Files\whkd\bin\;C:\Program Files\komorebi\bin\;C:\Program Files\Git\cmd;C:\Program Files\Docker\Docker\resources\bin;C:\Users\prope\AppData\Local\Programs\Python\Python313\Scripts\;C:\Users\prope\AppData\Local\Programs\Python\Python313\;C:\Users\prope\.cargo\bin;C:\Users\prope\AppData\Local\Microsoft\WindowsApps;C:\Users\prope\AppData\Local\Programs\Microsoft VS Code Insiders\bin;C:\Users\prope\AppData\Local\Microsoft\WinGet\Packages\Fastfetch-cli.Fastfetch_Microsoft.Winget.Source_8wekyb3d8bbwe;C:\Users\prope\AppData\Local\Programs\Zed\bin;C:\Users\prope\AppData\Local\Python\PythonCore-3.14-64\;C:\Users\prope\AppData\Local\Python\PythonCore-3.14-64\Scripts\;C:\Users\prope\AppData\Local\GitHubDesktop\bin;C:\Users\prope\AppData\Local\PowerToys\DSCModules\;C:\Users\prope\AppData\Local\JetBrains\Toolbox\scripts;C:\Users\prope\AppData\Local\Microsoft\WinGet\Packages\Task.Task_Microsoft.Winget.Source_8wekyb3d8bbwe;C:\Users\prope\AppData\Local\Microsoft\WinGet\Links;C:\Users\prope\AppData\Local\Microsoft\WinGet\Packages\yt-dlp.FFmpeg_Microsoft.Winget.Source_8wekyb3d8bbwe\ffmpeg-N-123778-g3b55818764-win64-gpl\bin;C:\Users\prope\AppData\Local\cava\
USERNAME=prope
OS=Windows_NT
PROCESSOR_IDENTIFIER=AMD64 Family 25 Model 80 Stepping 0, AuthenticAMD
TMP=C:\Users\prope\AppData\Local\Temp
TEMP=C:\Users\prope\AppData\Local\Temp




Compilation memory statistics disabled.

Periodic native trim disabled

---------------  S Y S T E M  ---------------

OS:
 Windows 11 , 64 bit Build 26100 (10.0.26100.7920)
OS uptime: 1 days 0:29 hours
Hyper-V role detected

CPU: total 16 (initial active 16) (16 cores per cpu, 2 threads per core) family 25 model 80 stepping 0 microcode 0xa50000f, cx8, cmov, fxsr, ht, mmx, 3dnowpref, sse, sse2, sse3, ssse3, sse4a, sse4.1, sse4.2, popcnt, lzcnt, tsc, tscinvbit, avx, avx2, aes, erms, clmul, bmi1, bmi2, adx, sha, fma, vzeroupper, clflush, clflushopt, clwb, hv, rdtscp, rdpid, fsrm, f16c, cet_ss
Processor Information for processor 0
  Max Mhz: 2000, Current Mhz: 1808, Mhz Limit: 2000
Processor Information for processor 1
  Max Mhz: 2000, Current Mhz: 1808, Mhz Limit: 2000
Processor Information for processor 2
  Max Mhz: 2000, Current Mhz: 2000, Mhz Limit: 2000
Processor Information for processor 3
  Max Mhz: 2000, Current Mhz: 1808, Mhz Limit: 2000
Processor Information for processor 4
  Max Mhz: 2000, Current Mhz: 1808, Mhz Limit: 2000
Processor Information for processor 5
  Max Mhz: 2000, Current Mhz: 1808, Mhz Limit: 2000
Processor Information for processor 6
  Max Mhz: 2000, Current Mhz: 1808, Mhz Limit: 2000
Processor Information for processor 7
  Max Mhz: 2000, Current Mhz: 1808, Mhz Limit: 2000
Processor Information for processor 8
  Max Mhz: 2000, Current Mhz: 1808, Mhz Limit: 2000
Processor Information for processor 9
  Max Mhz: 2000, Current Mhz: 1808, Mhz Limit: 2000
Processor Information for processor 10
  Max Mhz: 2000, Current Mhz: 1808, Mhz Limit: 2000
Processor Information for processor 11
  Max Mhz: 2000, Current Mhz: 1808, Mhz Limit: 2000
Processor Information for processor 12
  Max Mhz: 2000, Current Mhz: 1808, Mhz Limit: 2000
Processor Information for processor 13
  Max Mhz: 2000, Current Mhz: 1808, Mhz Limit: 2000
Processor Information for processor 14
  Max Mhz: 2000, Current Mhz: 1808, Mhz Limit: 2000
Processor Information for processor 15
  Max Mhz: 2000, Current Mhz: 1808, Mhz Limit: 2000

Memory: 4k page, system-wide physical 15711M (8104M free)
TotalPageFile size 16735M (AvailPageFile size 5834M)
current process WorkingSet (physical memory assigned to process): 951M, peak: 951M
current process commit charge ("private bytes"): 1009M, peak: 1009M

vm_info: Java HotSpot(TM) 64-Bit Server VM (25.0.1+8-LTS-27) for windows-amd64 JRE (25.0.1+8-LTS-27), built on 2025-09-25T16:41:16Z with unknown MS VC++:1943

END.
